info: Server started at http://localhost:3000/api/v1/ {"timestamp":"2023-01-31T04:03:06.359Z"}
info: Connected to the database. {"timestamp":"2023-01-31T04:03:19.346Z"}
info: Server started at http://localhost:3000/api/v1/ {"timestamp":"2023-01-31T04:12:07.704Z"}
info: Connected to the database. {"timestamp":"2023-01-31T04:12:10.907Z"}
info: Server started at http://localhost:3000/api/v1/ {"timestamp":"2023-01-31T04:14:24.986Z"}
info: Connected to the database. {"timestamp":"2023-01-31T04:14:28.064Z"}
info: Server started at http://localhost:3000/api/v1/ {"timestamp":"2023-01-31T07:35:33.290Z"}
info: Connected to the database. {"timestamp":"2023-01-31T07:35:37.020Z"}
info: Server started at http://localhost:3000/api/v1/ {"timestamp":"2023-01-31T07:36:11.720Z"}
info: Connected to the database. {"timestamp":"2023-01-31T07:36:15.041Z"}
error: 
    status - 500 
    message - ValidationError: "fName" is required 
    url - /api/v1/users/register 
    method - POST 
    IP - ::1
   {"timestamp":"2023-01-31T07:38:04.308Z"}
error: 
    status - 500 
    message - ValidationError: "lName" is required 
    url - /api/v1/users/register 
    method - POST 
    IP - ::1
   {"timestamp":"2023-01-31T07:38:41.904Z"}
error: 
    status - 500 
    message - ValidationError: "lName" is required 
    url - /api/v1/users/register 
    method - POST 
    IP - ::1
   {"timestamp":"2023-01-31T07:38:47.521Z"}
error: 
    status - 500 
    message - Error: Please try again with different email id!
    at _callee2$ (E:\New folder\UserRegAndLogin\fundooNotes\src\services\/user.service.js:24:11)
    at tryCatch (E:\New folder\UserRegAndLogin\fundooNotes\node_modules\@babel\runtime\helpers\regeneratorRuntime.js:44:17)
    at Generator.<anonymous> (E:\New folder\UserRegAndLogin\fundooNotes\node_modules\@babel\runtime\helpers\regeneratorRuntime.js:125:22)
    at Generator.next (E:\New folder\UserRegAndLogin\fundooNotes\node_modules\@babel\runtime\helpers\regeneratorRuntime.js:69:21)
    at asyncGeneratorStep (E:\New folder\UserRegAndLogin\fundooNotes\node_modules\@babel\runtime\helpers\asyncToGenerator.js:3:24)
    at _next (E:\New folder\UserRegAndLogin\fundooNotes\node_modules\@babel\runtime\helpers\asyncToGenerator.js:22:9)
    at processTicksAndRejections (node:internal/process/task_queues:95:5) 
    url - /api/v1/users/register 
    method - POST 
    IP - ::1
   {"timestamp":"2023-01-31T07:38:55.897Z"}
error: 
    status - 500 
    message - Error: Please try again with different email id!
    at _callee2$ (E:\New folder\UserRegAndLogin\fundooNotes\src\services\/user.service.js:24:11)
    at tryCatch (E:\New folder\UserRegAndLogin\fundooNotes\node_modules\@babel\runtime\helpers\regeneratorRuntime.js:44:17)
    at Generator.<anonymous> (E:\New folder\UserRegAndLogin\fundooNotes\node_modules\@babel\runtime\helpers\regeneratorRuntime.js:125:22)
    at Generator.next (E:\New folder\UserRegAndLogin\fundooNotes\node_modules\@babel\runtime\helpers\regeneratorRuntime.js:69:21)
    at asyncGeneratorStep (E:\New folder\UserRegAndLogin\fundooNotes\node_modules\@babel\runtime\helpers\asyncToGenerator.js:3:24)
    at _next (E:\New folder\UserRegAndLogin\fundooNotes\node_modules\@babel\runtime\helpers\asyncToGenerator.js:22:9)
    at processTicksAndRejections (node:internal/process/task_queues:95:5) 
    url - /api/v1/users/register 
    method - POST 
    IP - ::1
   {"timestamp":"2023-01-31T07:39:04.405Z"}
error: 
    status - 500 
    message - ValidationError: "title" length must be at least  characters long 
    url - /api/v1/notes/note 
    method - POST 
    IP - ::1
   {"timestamp":"2023-01-31T07:42:00.814Z"}
error: 
    status - 500 
    message - ValidationError: "title" length must be at least  characters long 
    url - /api/v1/notes/note 
    method - POST 
    IP - ::1
   {"timestamp":"2023-01-31T07:42:10.240Z"}
info: Server started at http://localhost:3000/api/v1/ {"timestamp":"2023-01-31T07:43:01.318Z"}
info: Connected to the database. {"timestamp":"2023-01-31T07:43:04.410Z"}
error: 
    status - 500 
    message - JsonWebTokenError: invalid signature
    at E:\New folder\UserRegAndLogin\fundooNotes\node_modules\jsonwebtoken\verify.js:133:19
    at getSecret (E:\New folder\UserRegAndLogin\fundooNotes\node_modules\jsonwebtoken\verify.js:90:14)
    at Object.verify (E:\New folder\UserRegAndLogin\fundooNotes\node_modules\jsonwebtoken\verify.js:94:10)
    at _callee$ (E:\New folder\UserRegAndLogin\fundooNotes\src\middlewares\/auth.middleware.js:22:32)
    at tryCatch (E:\New folder\UserRegAndLogin\fundooNotes\node_modules\@babel\runtime\helpers\regeneratorRuntime.js:44:17)
    at Generator.<anonymous> (E:\New folder\UserRegAndLogin\fundooNotes\node_modules\@babel\runtime\helpers\regeneratorRuntime.js:125:22)
    at Generator.next (E:\New folder\UserRegAndLogin\fundooNotes\node_modules\@babel\runtime\helpers\regeneratorRuntime.js:69:21)
    at asyncGeneratorStep (E:\New folder\UserRegAndLogin\fundooNotes\node_modules\@babel\runtime\helpers\asyncToGenerator.js:3:24)
    at _next (E:\New folder\UserRegAndLogin\fundooNotes\node_modules\@babel\runtime\helpers\asyncToGenerator.js:22:9)
    at E:\New folder\UserRegAndLogin\fundooNotes\node_modules\@babel\runtime\helpers\asyncToGenerator.js:27:7
    at new Promise (<anonymous>)
    at E:\New folder\UserRegAndLogin\fundooNotes\node_modules\@babel\runtime\helpers\asyncToGenerator.js:19:12
    at userAuth (E:\New folder\UserRegAndLogin\fundooNotes\src\middlewares\/auth.middleware.js:12:22)
    at Layer.handle [as handle_request] (E:\New folder\UserRegAndLogin\fundooNotes\node_modules\express\lib\router\layer.js:95:5)
    at next (E:\New folder\UserRegAndLogin\fundooNotes\node_modules\express\lib\router\route.js:144:13)
    at newNoteValidator (E:\New folder\UserRegAndLogin\fundooNotes\src\validators\/note.validator.js:15:9)
    at Layer.handle [as handle_request] (E:\New folder\UserRegAndLogin\fundooNotes\node_modules\express\lib\router\layer.js:95:5)
    at next (E:\New folder\UserRegAndLogin\fundooNotes\node_modules\express\lib\router\route.js:144:13)
    at Route.dispatch (E:\New folder\UserRegAndLogin\fundooNotes\node_modules\express\lib\router\route.js:114:3)
    at Layer.handle [as handle_request] (E:\New folder\UserRegAndLogin\fundooNotes\node_modules\express\lib\router\layer.js:95:5)
    at E:\New folder\UserRegAndLogin\fundooNotes\node_modules\express\lib\router\index.js:284:15
    at Function.process_params (E:\New folder\UserRegAndLogin\fundooNotes\node_modules\express\lib\router\index.js:346:12)
    at next (E:\New folder\UserRegAndLogin\fundooNotes\node_modules\express\lib\router\index.js:280:10)
    at Function.handle (E:\New folder\UserRegAndLogin\fundooNotes\node_modules\express\lib\router\index.js:175:3)
    at router (E:\New folder\UserRegAndLogin\fundooNotes\node_modules\express\lib\router\index.js:47:12)
    at Layer.handle [as handle_request] (E:\New folder\UserRegAndLogin\fundooNotes\node_modules\express\lib\router\layer.js:95:5)
    at trim_prefix (E:\New folder\UserRegAndLogin\fundooNotes\node_modules\express\lib\router\index.js:328:13)
    at E:\New folder\UserRegAndLogin\fundooNotes\node_modules\express\lib\router\index.js:286:9
    at Function.process_params (E:\New folder\UserRegAndLogin\fundooNotes\node_modules\express\lib\router\index.js:346:12)
    at next (E:\New folder\UserRegAndLogin\fundooNotes\node_modules\express\lib\router\index.js:280:10)
    at Function.handle (E:\New folder\UserRegAndLogin\fundooNotes\node_modules\express\lib\router\index.js:175:3)
    at router (E:\New folder\UserRegAndLogin\fundooNotes\node_modules\express\lib\router\index.js:47:12)
    at Layer.handle [as handle_request] (E:\New folder\UserRegAndLogin\fundooNotes\node_modules\express\lib\router\layer.js:95:5)
    at trim_prefix (E:\New folder\UserRegAndLogin\fundooNotes\node_modules\express\lib\router\index.js:328:13)
    at E:\New folder\UserRegAndLogin\fundooNotes\node_modules\express\lib\router\index.js:286:9
    at Function.process_params (E:\New folder\UserRegAndLogin\fundooNotes\node_modules\express\lib\router\index.js:346:12)
    at next (E:\New folder\UserRegAndLogin\fundooNotes\node_modules\express\lib\router\index.js:280:10)
    at logger (E:\New folder\UserRegAndLogin\fundooNotes\node_modules\morgan\index.js:144:5)
    at Layer.handle [as handle_request] (E:\New folder\UserRegAndLogin\fundooNotes\node_modules\express\lib\router\layer.js:95:5)
    at trim_prefix (E:\New folder\UserRegAndLogin\fundooNotes\node_modules\express\lib\router\index.js:328:13)
    at E:\New folder\UserRegAndLogin\fundooNotes\node_modules\express\lib\router\index.js:286:9
    at Function.process_params (E:\New folder\UserRegAndLogin\fundooNotes\node_modules\express\lib\router\index.js:346:12)
    at next (E:\New folder\UserRegAndLogin\fundooNotes\node_modules\express\lib\router\index.js:280:10)
    at E:\New folder\UserRegAndLogin\fundooNotes\node_modules\body-parser\lib\read.js:137:5
    at AsyncResource.runInAsyncScope (node:async_hooks:203:9)
    at invokeCallback (E:\New folder\UserRegAndLogin\fundooNotes\node_modules\raw-body\index.js:231:16)
    at done (E:\New folder\UserRegAndLogin\fundooNotes\node_modules\raw-body\index.js:220:7)
    at IncomingMessage.onEnd (E:\New folder\UserRegAndLogin\fundooNotes\node_modules\raw-body\index.js:280:7)
    at IncomingMessage.emit (node:events:513:28)
    at IncomingMessage.emit (node:domain:489:12) 
    url - /api/v1/notes/note 
    method - POST 
    IP - ::1
   {"timestamp":"2023-01-31T07:43:06.536Z"}
info: Server started at http://localhost:3000/api/v1/ {"timestamp":"2023-01-31T07:44:33.783Z"}
info: Connected to the database. {"timestamp":"2023-01-31T07:44:37.223Z"}
info: Server started at http://localhost:3000/api/v1/ {"timestamp":"2023-01-31T07:45:14.235Z"}
info: Connected to the database. {"timestamp":"2023-01-31T07:45:17.275Z"}
error: 
    status - 500 
    message - TypeError: NoteService.getAllNote is not a function
    at _callee3$ (E:\New folder\UserRegAndLogin\fundooNotes\src\controllers\/note.controller.js:35:38)
    at tryCatch (E:\New folder\UserRegAndLogin\fundooNotes\node_modules\@babel\runtime\helpers\regeneratorRuntime.js:44:17)
    at Generator.<anonymous> (E:\New folder\UserRegAndLogin\fundooNotes\node_modules\@babel\runtime\helpers\regeneratorRuntime.js:125:22)
    at Generator.next (E:\New folder\UserRegAndLogin\fundooNotes\node_modules\@babel\runtime\helpers\regeneratorRuntime.js:69:21)
    at asyncGeneratorStep (E:\New folder\UserRegAndLogin\fundooNotes\node_modules\@babel\runtime\helpers\asyncToGenerator.js:3:24)
    at _next (E:\New folder\UserRegAndLogin\fundooNotes\node_modules\@babel\runtime\helpers\asyncToGenerator.js:22:9)
    at E:\New folder\UserRegAndLogin\fundooNotes\node_modules\@babel\runtime\helpers\asyncToGenerator.js:27:7
    at new Promise (<anonymous>)
    at E:\New folder\UserRegAndLogin\fundooNotes\node_modules\@babel\runtime\helpers\asyncToGenerator.js:19:12
    at getAllNote (E:\New folder\UserRegAndLogin\fundooNotes\src\controllers\/note.controller.js:33:26)
    at Layer.handle [as handle_request] (E:\New folder\UserRegAndLogin\fundooNotes\node_modules\express\lib\router\layer.js:95:5)
    at next (E:\New folder\UserRegAndLogin\fundooNotes\node_modules\express\lib\router\route.js:144:13)
    at _callee$ (E:\New folder\UserRegAndLogin\fundooNotes\src\middlewares\/auth.middleware.js:25:5)
    at tryCatch (E:\New folder\UserRegAndLogin\fundooNotes\node_modules\@babel\runtime\helpers\regeneratorRuntime.js:44:17)
    at Generator.<anonymous> (E:\New folder\UserRegAndLogin\fundooNotes\node_modules\@babel\runtime\helpers\regeneratorRuntime.js:125:22)
    at Generator.next (E:\New folder\UserRegAndLogin\fundooNotes\node_modules\@babel\runtime\helpers\regeneratorRuntime.js:69:21)
    at asyncGeneratorStep (E:\New folder\UserRegAndLogin\fundooNotes\node_modules\@babel\runtime\helpers\asyncToGenerator.js:3:24)
    at _next (E:\New folder\UserRegAndLogin\fundooNotes\node_modules\@babel\runtime\helpers\asyncToGenerator.js:22:9)
    at processTicksAndRejections (node:internal/process/task_queues:95:5) 
    url - /api/v1/notes/ 
    method - GET 
    IP - ::1
   {"timestamp":"2023-01-31T07:47:28.986Z"}
info: Server started at http://localhost:3000/api/v1/ {"timestamp":"2023-01-31T07:53:23.095Z"}
info: Connected to the database. {"timestamp":"2023-01-31T07:53:26.882Z"}
error: 
    status - 500 
    message - TypeError: NoteService.getNoteId is not a function
    at _callee4$ (E:\New folder\UserRegAndLogin\fundooNotes\src\controllers\/note.controller.js:49:38)
    at tryCatch (E:\New folder\UserRegAndLogin\fundooNotes\node_modules\@babel\runtime\helpers\regeneratorRuntime.js:44:17)
    at Generator.<anonymous> (E:\New folder\UserRegAndLogin\fundooNotes\node_modules\@babel\runtime\helpers\regeneratorRuntime.js:125:22)
    at Generator.next (E:\New folder\UserRegAndLogin\fundooNotes\node_modules\@babel\runtime\helpers\regeneratorRuntime.js:69:21)
    at asyncGeneratorStep (E:\New folder\UserRegAndLogin\fundooNotes\node_modules\@babel\runtime\helpers\asyncToGenerator.js:3:24)
    at _next (E:\New folder\UserRegAndLogin\fundooNotes\node_modules\@babel\runtime\helpers\asyncToGenerator.js:22:9)
    at E:\New folder\UserRegAndLogin\fundooNotes\node_modules\@babel\runtime\helpers\asyncToGenerator.js:27:7
    at new Promise (<anonymous>)
    at E:\New folder\UserRegAndLogin\fundooNotes\node_modules\@babel\runtime\helpers\asyncToGenerator.js:19:12
    at getNoteId (E:\New folder\UserRegAndLogin\fundooNotes\src\controllers\/note.controller.js:47:25)
    at Layer.handle [as handle_request] (E:\New folder\UserRegAndLogin\fundooNotes\node_modules\express\lib\router\layer.js:95:5)
    at next (E:\New folder\UserRegAndLogin\fundooNotes\node_modules\express\lib\router\route.js:144:13)
    at _callee$ (E:\New folder\UserRegAndLogin\fundooNotes\src\middlewares\/auth.middleware.js:25:5)
    at tryCatch (E:\New folder\UserRegAndLogin\fundooNotes\node_modules\@babel\runtime\helpers\regeneratorRuntime.js:44:17)
    at Generator.<anonymous> (E:\New folder\UserRegAndLogin\fundooNotes\node_modules\@babel\runtime\helpers\regeneratorRuntime.js:125:22)
    at Generator.next (E:\New folder\UserRegAndLogin\fundooNotes\node_modules\@babel\runtime\helpers\regeneratorRuntime.js:69:21)
    at asyncGeneratorStep (E:\New folder\UserRegAndLogin\fundooNotes\node_modules\@babel\runtime\helpers\asyncToGenerator.js:3:24)
    at _next (E:\New folder\UserRegAndLogin\fundooNotes\node_modules\@babel\runtime\helpers\asyncToGenerator.js:22:9)
    at processTicksAndRejections (node:internal/process/task_queues:95:5) 
    url - /api/v1/notes/63d8c721249bef0bac26b11d 
    method - GET 
    IP - ::1
   {"timestamp":"2023-01-31T07:53:58.492Z"}
info: Server started at http://localhost:3000/api/v1/ {"timestamp":"2023-01-31T07:56:45.187Z"}
info: Connected to the database. {"timestamp":"2023-01-31T07:56:48.413Z"}
info: Server started at http://localhost:3000/api/v1/ {"timestamp":"2023-01-31T07:58:34.186Z"}
info: Connected to the database. {"timestamp":"2023-01-31T07:58:47.174Z"}
info: Server started at http://localhost:3000/api/v1/ {"timestamp":"2023-01-31T08:00:45.873Z"}
info: Connected to the database. {"timestamp":"2023-01-31T08:00:49.201Z"}
error: 
    status - 500 
    message - CastError: Cast to ObjectId failed for value "{ _id: undefined }" (type Object) at path "_id" for model "Note"
    at model.Query.exec (E:\New folder\UserRegAndLogin\fundooNotes\node_modules\mongoose\lib\query.js:4498:21)
    at model.Query.Query.then (E:\New folder\UserRegAndLogin\fundooNotes\node_modules\mongoose\lib\query.js:4592:15)
    at processTicksAndRejections (node:internal/process/task_queues:95:5) 
    url - /api/v1/notes/63d8c721249bef0bac26b11d 
    method - PUT 
    IP - ::1
   {"timestamp":"2023-01-31T08:01:35.213Z"}
info: Server started at http://localhost:3000/api/v1/ {"timestamp":"2023-01-31T08:04:30.124Z"}
info: Connected to the database. {"timestamp":"2023-01-31T08:04:33.630Z"}
info: Server started at http://localhost:3000/api/v1/ {"timestamp":"2023-01-31T08:06:25.479Z"}
info: Connected to the database. {"timestamp":"2023-01-31T08:06:29.854Z"}
info: Server started at http://localhost:3000/api/v1/ {"timestamp":"2023-01-31T08:12:01.497Z"}
info: Connected to the database. {"timestamp":"2023-01-31T08:12:04.798Z"}
info: Server started at http://localhost:3000/api/v1/ {"timestamp":"2023-01-31T08:13:50.027Z"}
info: Server started at http://localhost:3000/api/v1/ {"timestamp":"2023-01-31T08:14:10.079Z"}
info: Connected to the database. {"timestamp":"2023-01-31T08:14:13.118Z"}
info: Server started at http://localhost:3000/api/v1/ {"timestamp":"2023-01-31T08:25:04.047Z"}
info: Connected to the database. {"timestamp":"2023-01-31T08:25:07.336Z"}
info: Server started at http://localhost:3000/api/v1/ {"timestamp":"2023-01-31T08:27:44.715Z"}
info: Server started at http://localhost:3000/api/v1/ {"timestamp":"2023-01-31T08:28:00.095Z"}
info: Connected to the database. {"timestamp":"2023-01-31T08:28:03.123Z"}
