info: Server started at http://localhost:3000/api/v1/ {"timestamp":"2023-01-30T11:01:42.458Z"}
info: Connected to the database. {"timestamp":"2023-01-30T11:01:46.177Z"}
error: 
    status - 500 
    message - Error: Please try again with different email id!
    at _callee2$ (E:\New folder\UserRegAndLogin\fundooNotes\src\services\/user.service.js:24:11)
    at tryCatch (E:\New folder\UserRegAndLogin\fundooNotes\node_modules\@babel\runtime\helpers\regeneratorRuntime.js:44:17)
    at Generator.<anonymous> (E:\New folder\UserRegAndLogin\fundooNotes\node_modules\@babel\runtime\helpers\regeneratorRuntime.js:125:22)
    at Generator.next (E:\New folder\UserRegAndLogin\fundooNotes\node_modules\@babel\runtime\helpers\regeneratorRuntime.js:69:21)
    at asyncGeneratorStep (E:\New folder\UserRegAndLogin\fundooNotes\node_modules\@babel\runtime\helpers\asyncToGenerator.js:3:24)
    at _next (E:\New folder\UserRegAndLogin\fundooNotes\node_modules\@babel\runtime\helpers\asyncToGenerator.js:22:9)
    at processTicksAndRejections (node:internal/process/task_queues:95:5) 
    url - /api/v1/users/register 
    method - POST 
    IP - ::1
   {"timestamp":"2023-01-30T11:01:51.924Z"}
error: 
    status - 500 
    message - Error: Error: Invalid Password
    at _callee3$ (E:\New folder\UserRegAndLogin\fundooNotes\src\services\/user.service.js:43:11)
    at tryCatch (E:\New folder\UserRegAndLogin\fundooNotes\node_modules\@babel\runtime\helpers\regeneratorRuntime.js:44:17)
    at Generator.<anonymous> (E:\New folder\UserRegAndLogin\fundooNotes\node_modules\@babel\runtime\helpers\regeneratorRuntime.js:125:22)
    at Generator.next (E:\New folder\UserRegAndLogin\fundooNotes\node_modules\@babel\runtime\helpers\regeneratorRuntime.js:69:21)
    at asyncGeneratorStep (E:\New folder\UserRegAndLogin\fundooNotes\node_modules\@babel\runtime\helpers\asyncToGenerator.js:3:24)
    at _next (E:\New folder\UserRegAndLogin\fundooNotes\node_modules\@babel\runtime\helpers\asyncToGenerator.js:22:9) 
    url - /api/v1/users/login 
    method - POST 
    IP - ::1
   {"timestamp":"2023-01-30T11:03:43.367Z"}
info: Server started at http://localhost:3000/api/v1/ {"timestamp":"2023-01-30T11:05:25.310Z"}
info: Connected to the database. {"timestamp":"2023-01-30T11:05:28.539Z"}
