info: Server started at http://localhost:3000/api/v1/ {"timestamp":"2023-01-28T03:31:31.300Z"}
info: Connected to the database. {"timestamp":"2023-01-28T03:31:35.118Z"}
info: Server started at http://localhost:3000/api/v1/ {"timestamp":"2023-01-28T03:31:46.912Z"}
info: Connected to the database. {"timestamp":"2023-01-28T03:31:49.618Z"}
error: 
    status - 500 
    message - Error: Please try again with different email id!
    at _callee2$ (E:\UserRegAndLogin\fundooNotes\src\services\/user.service.js:24:11)
    at tryCatch (E:\UserRegAndLogin\fundooNotes\node_modules\@babel\runtime\helpers\regeneratorRuntime.js:44:17)
    at Generator.<anonymous> (E:\UserRegAndLogin\fundooNotes\node_modules\@babel\runtime\helpers\regeneratorRuntime.js:125:22)
    at Generator.next (E:\UserRegAndLogin\fundooNotes\node_modules\@babel\runtime\helpers\regeneratorRuntime.js:69:21)
    at asyncGeneratorStep (E:\UserRegAndLogin\fundooNotes\node_modules\@babel\runtime\helpers\asyncToGenerator.js:3:24)
    at _next (E:\UserRegAndLogin\fundooNotes\node_modules\@babel\runtime\helpers\asyncToGenerator.js:22:9)
    at processTicksAndRejections (node:internal/process/task_queues:95:5) 
    url - /api/v1/users/register 
    method - POST 
    IP - ::1
   {"timestamp":"2023-01-28T03:32:01.816Z"}
info: Server started at http://localhost:3000/api/v1/ {"timestamp":"2023-01-28T03:33:21.212Z"}
info: Connected to the database. {"timestamp":"2023-01-28T03:33:23.639Z"}
info: Server started at http://localhost:3000/api/v1/ {"timestamp":"2023-01-28T03:40:38.545Z"}
info: Connected to the database. {"timestamp":"2023-01-28T03:40:41.484Z"}
info: Server started at http://localhost:3000/api/v1/ {"timestamp":"2023-01-28T04:37:32.975Z"}
info: Connected to the database. {"timestamp":"2023-01-28T04:37:36.320Z"}
info: Server started at http://localhost:3000/api/v1/ {"timestamp":"2023-01-28T05:34:10.213Z"}
info: Connected to the database. {"timestamp":"2023-01-28T05:34:13.484Z"}
error: 
    status - 500 
    message - Error: Please try again with different email id!
    at _callee2$ (E:\New folder\UserRegAndLogin\fundooNotes\src\services\/user.service.js:24:11)
    at tryCatch (E:\New folder\UserRegAndLogin\fundooNotes\node_modules\@babel\runtime\helpers\regeneratorRuntime.js:44:17)
    at Generator.<anonymous> (E:\New folder\UserRegAndLogin\fundooNotes\node_modules\@babel\runtime\helpers\regeneratorRuntime.js:125:22)
    at Generator.next (E:\New folder\UserRegAndLogin\fundooNotes\node_modules\@babel\runtime\helpers\regeneratorRuntime.js:69:21)
    at asyncGeneratorStep (E:\New folder\UserRegAndLogin\fundooNotes\node_modules\@babel\runtime\helpers\asyncToGenerator.js:3:24)
    at _next (E:\New folder\UserRegAndLogin\fundooNotes\node_modules\@babel\runtime\helpers\asyncToGenerator.js:22:9)
    at processTicksAndRejections (node:internal/process/task_queues:95:5) 
    url - /api/v1/users/register 
    method - POST 
    IP - ::1
   {"timestamp":"2023-01-28T05:34:17.290Z"}
info: Server started at http://localhost:3000/api/v1/ {"timestamp":"2023-01-28T05:57:24.265Z"}
info: Connected to the database. {"timestamp":"2023-01-28T05:57:27.615Z"}
error: 
    status - 500 
    message - Error: Please try again with different email id!
    at _callee2$ (E:\New folder\UserRegAndLogin\fundooNotes\src\services\/user.service.js:24:11)
    at tryCatch (E:\New folder\UserRegAndLogin\fundooNotes\node_modules\@babel\runtime\helpers\regeneratorRuntime.js:44:17)
    at Generator.<anonymous> (E:\New folder\UserRegAndLogin\fundooNotes\node_modules\@babel\runtime\helpers\regeneratorRuntime.js:125:22)
    at Generator.next (E:\New folder\UserRegAndLogin\fundooNotes\node_modules\@babel\runtime\helpers\regeneratorRuntime.js:69:21)
    at asyncGeneratorStep (E:\New folder\UserRegAndLogin\fundooNotes\node_modules\@babel\runtime\helpers\asyncToGenerator.js:3:24)
    at _next (E:\New folder\UserRegAndLogin\fundooNotes\node_modules\@babel\runtime\helpers\asyncToGenerator.js:22:9)
    at processTicksAndRejections (node:internal/process/task_queues:95:5) 
    url - /api/v1/users/register 
    method - POST 
    IP - ::1
   {"timestamp":"2023-01-28T05:57:47.834Z"}
error: 
    status - 500 
    message - Error: Please try again with different email id!
    at _callee2$ (E:\New folder\UserRegAndLogin\fundooNotes\src\services\/user.service.js:24:11)
    at tryCatch (E:\New folder\UserRegAndLogin\fundooNotes\node_modules\@babel\runtime\helpers\regeneratorRuntime.js:44:17)
    at Generator.<anonymous> (E:\New folder\UserRegAndLogin\fundooNotes\node_modules\@babel\runtime\helpers\regeneratorRuntime.js:125:22)
    at Generator.next (E:\New folder\UserRegAndLogin\fundooNotes\node_modules\@babel\runtime\helpers\regeneratorRuntime.js:69:21)
    at asyncGeneratorStep (E:\New folder\UserRegAndLogin\fundooNotes\node_modules\@babel\runtime\helpers\asyncToGenerator.js:3:24)
    at _next (E:\New folder\UserRegAndLogin\fundooNotes\node_modules\@babel\runtime\helpers\asyncToGenerator.js:22:9)
    at processTicksAndRejections (node:internal/process/task_queues:95:5) 
    url - /api/v1/users/register 
    method - POST 
    IP - ::1
   {"timestamp":"2023-01-28T05:57:58.722Z"}
