info: Server started at http://localhost:3000/api/v1/ {"timestamp":"2023-01-27T10:31:53.308Z"}
info: Connected to the database. {"timestamp":"2023-01-27T10:31:57.214Z"}
error: 
    status - 500 
    message - SyntaxError: Unexpected token / in JSON at position 7
    at JSON.parse (<anonymous>)
    at parse (E:\UserRegAndLogin\fundooNotes\node_modules\body-parser\lib\types\json.js:89:19)
    at E:\UserRegAndLogin\fundooNotes\node_modules\body-parser\lib\read.js:128:18
    at AsyncResource.runInAsyncScope (node:async_hooks:203:9)
    at invokeCallback (E:\UserRegAndLogin\fundooNotes\node_modules\raw-body\index.js:231:16)
    at done (E:\UserRegAndLogin\fundooNotes\node_modules\raw-body\index.js:220:7)
    at IncomingMessage.onEnd (E:\UserRegAndLogin\fundooNotes\node_modules\raw-body\index.js:280:7)
    at IncomingMessage.emit (node:events:513:28)
    at IncomingMessage.emit (node:domain:489:12)
    at endReadableNT (node:internal/streams/readable:1359:12)
    at processTicksAndRejections (node:internal/process/task_queues:82:21) 
    url - /api/v1/users/login 
    method - POST 
    IP - ::1
   {"timestamp":"2023-01-27T10:36:06.746Z"}
error: 
    status - 500 
    message - ValidationError: "email" is required 
    url - /api/v1/users/registration 
    method - POST 
    IP - ::1
   {"timestamp":"2023-01-27T10:36:54.121Z"}
error: 
      status - 11000
      message - E11000 duplicate key error collection: UserReg.users index: email_1 dup key: { email: "c@gmail.com" } 
      url - /api/v1/users/registration 
      method - POST 
      IP - ::1
     {"timestamp":"2023-01-27T10:37:02.305Z"}
error: 
    status - 500 
    message - RangeError: Invalid status code: 11000
    at new NodeError (node:internal/errors:393:5)
    at ServerResponse.writeHead (node:_http_server:343:11)
    at ServerResponse.writeHead (E:\UserRegAndLogin\fundooNotes\node_modules\on-headers\index.js:44:26)
    at ServerResponse._implicitHeader (node:_http_server:334:8)
    at write_ (node:_http_outgoing:867:9)
    at ServerResponse.end (node:_http_outgoing:977:5)
    at ServerResponse.send (E:\UserRegAndLogin\fundooNotes\node_modules\express\lib\response.js:232:10)
    at ServerResponse.json (E:\UserRegAndLogin\fundooNotes\node_modules\express\lib\response.js:278:15)
    at appErrorHandler (E:\UserRegAndLogin\fundooNotes\src\middlewares\/error.middleware.js:36:26)
    at Layer.handle_error (E:\UserRegAndLogin\fundooNotes\node_modules\express\lib\router\layer.js:71:5)
    at trim_prefix (E:\UserRegAndLogin\fundooNotes\node_modules\express\lib\router\index.js:326:13)
    at E:\UserRegAndLogin\fundooNotes\node_modules\express\lib\router\index.js:286:9
    at Function.process_params (E:\UserRegAndLogin\fundooNotes\node_modules\express\lib\router\index.js:346:12)
    at Immediate.next (E:\UserRegAndLogin\fundooNotes\node_modules\express\lib\router\index.js:280:10)
    at Immediate._onImmediate (E:\UserRegAndLogin\fundooNotes\node_modules\express\lib\router\index.js:646:15)
    at processImmediate (node:internal/timers:473:21) 
    url - /api/v1/users/registration 
    method - POST 
    IP - ::1
   {"timestamp":"2023-01-27T10:37:02.429Z"}
info: Server started at http://localhost:3000/api/v1/ {"timestamp":"2023-01-27T10:56:57.955Z"}
info: Connected to the database. {"timestamp":"2023-01-27T10:57:02.145Z"}
info: Server started at http://localhost:3000/api/v1/ {"timestamp":"2023-01-27T10:57:16.232Z"}
info: Connected to the database. {"timestamp":"2023-01-27T10:57:19.815Z"}
info: Server started at http://localhost:3000/api/v1/ {"timestamp":"2023-01-27T11:00:44.938Z"}
info: Connected to the database. {"timestamp":"2023-01-27T11:00:48.977Z"}
error: 
    status - 500 
    message - ValidationError: "fname" is required 
    url - /api/v1/users/register 
    method - POST 
    IP - ::1
   {"timestamp":"2023-01-27T11:01:16.835Z"}
info: Server started at http://localhost:3000/api/v1/ {"timestamp":"2023-01-27T11:02:13.168Z"}
info: Connected to the database. {"timestamp":"2023-01-27T11:02:26.354Z"}
info: Server started at http://localhost:3000/api/v1/ {"timestamp":"2023-01-27T11:03:36.973Z"}
info: Connected to the database. {"timestamp":"2023-01-27T11:03:40.615Z"}
error: 
      status - 11000
      message - E11000 duplicate key error collection: UserReg.users index: email_1 dup key: { email: "c@gmail.com" } 
      url - /api/v1/users/register 
      method - POST 
      IP - ::1
     {"timestamp":"2023-01-27T11:03:45.346Z"}
error: 
    status - 500 
    message - RangeError: Invalid status code: 11000
    at new NodeError (node:internal/errors:393:5)
    at ServerResponse.writeHead (node:_http_server:343:11)
    at ServerResponse.writeHead (E:\UserRegAndLogin\fundooNotes\node_modules\on-headers\index.js:44:26)
    at ServerResponse._implicitHeader (node:_http_server:334:8)
    at write_ (node:_http_outgoing:867:9)
    at ServerResponse.end (node:_http_outgoing:977:5)
    at ServerResponse.send (E:\UserRegAndLogin\fundooNotes\node_modules\express\lib\response.js:232:10)
    at ServerResponse.json (E:\UserRegAndLogin\fundooNotes\node_modules\express\lib\response.js:278:15)
    at appErrorHandler (E:\UserRegAndLogin\fundooNotes\src\middlewares\/error.middleware.js:36:26)
    at Layer.handle_error (E:\UserRegAndLogin\fundooNotes\node_modules\express\lib\router\layer.js:71:5)
    at trim_prefix (E:\UserRegAndLogin\fundooNotes\node_modules\express\lib\router\index.js:326:13)
    at E:\UserRegAndLogin\fundooNotes\node_modules\express\lib\router\index.js:286:9
    at Function.process_params (E:\UserRegAndLogin\fundooNotes\node_modules\express\lib\router\index.js:346:12)
    at Immediate.next (E:\UserRegAndLogin\fundooNotes\node_modules\express\lib\router\index.js:280:10)
    at Immediate._onImmediate (E:\UserRegAndLogin\fundooNotes\node_modules\express\lib\router\index.js:646:15)
    at processImmediate (node:internal/timers:473:21) 
    url - /api/v1/users/register 
    method - POST 
    IP - ::1
   {"timestamp":"2023-01-27T11:03:45.375Z"}
error: 
      status - 11000
      message - E11000 duplicate key error collection: UserReg.users index: email_1 dup key: { email: "c@gmail.com" } 
      url - /api/v1/users/register 
      method - POST 
      IP - ::1
     {"timestamp":"2023-01-27T11:07:13.061Z"}
error: 
    status - 500 
    message - RangeError: Invalid status code: 11000
    at new NodeError (node:internal/errors:393:5)
    at ServerResponse.writeHead (node:_http_server:343:11)
    at ServerResponse.writeHead (E:\UserRegAndLogin\fundooNotes\node_modules\on-headers\index.js:44:26)
    at ServerResponse._implicitHeader (node:_http_server:334:8)
    at write_ (node:_http_outgoing:867:9)
    at ServerResponse.end (node:_http_outgoing:977:5)
    at ServerResponse.send (E:\UserRegAndLogin\fundooNotes\node_modules\express\lib\response.js:232:10)
    at ServerResponse.json (E:\UserRegAndLogin\fundooNotes\node_modules\express\lib\response.js:278:15)
    at appErrorHandler (E:\UserRegAndLogin\fundooNotes\src\middlewares\/error.middleware.js:36:26)
    at Layer.handle_error (E:\UserRegAndLogin\fundooNotes\node_modules\express\lib\router\layer.js:71:5)
    at trim_prefix (E:\UserRegAndLogin\fundooNotes\node_modules\express\lib\router\index.js:326:13)
    at E:\UserRegAndLogin\fundooNotes\node_modules\express\lib\router\index.js:286:9
    at Function.process_params (E:\UserRegAndLogin\fundooNotes\node_modules\express\lib\router\index.js:346:12)
    at Immediate.next (E:\UserRegAndLogin\fundooNotes\node_modules\express\lib\router\index.js:280:10)
    at Immediate._onImmediate (E:\UserRegAndLogin\fundooNotes\node_modules\express\lib\router\index.js:646:15)
    at processImmediate (node:internal/timers:473:21) 
    url - /api/v1/users/register 
    method - POST 
    IP - ::1
   {"timestamp":"2023-01-27T11:07:13.078Z"}
error: 
      status - 11000
      message - E11000 duplicate key error collection: UserReg.users index: email_1 dup key: { email: "c@gmail.com" } 
      url - /api/v1/users/register 
      method - POST 
      IP - ::1
     {"timestamp":"2023-01-27T11:07:41.482Z"}
error: 
    status - 500 
    message - RangeError: Invalid status code: 11000
    at new NodeError (node:internal/errors:393:5)
    at ServerResponse.writeHead (node:_http_server:343:11)
    at ServerResponse.writeHead (E:\UserRegAndLogin\fundooNotes\node_modules\on-headers\index.js:44:26)
    at ServerResponse._implicitHeader (node:_http_server:334:8)
    at write_ (node:_http_outgoing:867:9)
    at ServerResponse.end (node:_http_outgoing:977:5)
    at ServerResponse.send (E:\UserRegAndLogin\fundooNotes\node_modules\express\lib\response.js:232:10)
    at ServerResponse.json (E:\UserRegAndLogin\fundooNotes\node_modules\express\lib\response.js:278:15)
    at appErrorHandler (E:\UserRegAndLogin\fundooNotes\src\middlewares\/error.middleware.js:36:26)
    at Layer.handle_error (E:\UserRegAndLogin\fundooNotes\node_modules\express\lib\router\layer.js:71:5)
    at trim_prefix (E:\UserRegAndLogin\fundooNotes\node_modules\express\lib\router\index.js:326:13)
    at E:\UserRegAndLogin\fundooNotes\node_modules\express\lib\router\index.js:286:9
    at Function.process_params (E:\UserRegAndLogin\fundooNotes\node_modules\express\lib\router\index.js:346:12)
    at Immediate.next (E:\UserRegAndLogin\fundooNotes\node_modules\express\lib\router\index.js:280:10)
    at Immediate._onImmediate (E:\UserRegAndLogin\fundooNotes\node_modules\express\lib\router\index.js:646:15)
    at processImmediate (node:internal/timers:473:21) 
    url - /api/v1/users/register 
    method - POST 
    IP - ::1
   {"timestamp":"2023-01-27T11:07:41.490Z"}
info: Server started at http://localhost:3000/api/v1/ {"timestamp":"2023-01-27T11:08:41.399Z"}
info: Connected to the database. {"timestamp":"2023-01-27T11:08:44.150Z"}
error: 
      status - 11000
      message - E11000 duplicate key error collection: UserReg.users index: email_1 dup key: { email: "c@gmail.com" } 
      url - /api/v1/users/register 
      method - POST 
      IP - ::1
     {"timestamp":"2023-01-27T11:08:49.584Z"}
error: 
    status - 500 
    message - RangeError: Invalid status code: 11000
    at new NodeError (node:internal/errors:393:5)
    at ServerResponse.writeHead (node:_http_server:343:11)
    at ServerResponse.writeHead (E:\UserRegAndLogin\fundooNotes\node_modules\on-headers\index.js:44:26)
    at ServerResponse._implicitHeader (node:_http_server:334:8)
    at write_ (node:_http_outgoing:867:9)
    at ServerResponse.end (node:_http_outgoing:977:5)
    at ServerResponse.send (E:\UserRegAndLogin\fundooNotes\node_modules\express\lib\response.js:232:10)
    at ServerResponse.json (E:\UserRegAndLogin\fundooNotes\node_modules\express\lib\response.js:278:15)
    at appErrorHandler (E:\UserRegAndLogin\fundooNotes\src\middlewares\/error.middleware.js:36:26)
    at Layer.handle_error (E:\UserRegAndLogin\fundooNotes\node_modules\express\lib\router\layer.js:71:5)
    at trim_prefix (E:\UserRegAndLogin\fundooNotes\node_modules\express\lib\router\index.js:326:13)
    at E:\UserRegAndLogin\fundooNotes\node_modules\express\lib\router\index.js:286:9
    at Function.process_params (E:\UserRegAndLogin\fundooNotes\node_modules\express\lib\router\index.js:346:12)
    at Immediate.next (E:\UserRegAndLogin\fundooNotes\node_modules\express\lib\router\index.js:280:10)
    at Immediate._onImmediate (E:\UserRegAndLogin\fundooNotes\node_modules\express\lib\router\index.js:646:15)
    at processImmediate (node:internal/timers:473:21) 
    url - /api/v1/users/register 
    method - POST 
    IP - ::1
   {"timestamp":"2023-01-27T11:08:49.643Z"}
error: 
      status - 11000
      message - E11000 duplicate key error collection: UserReg.users index: email_1 dup key: { email: "abc@gmail.com" } 
      url - /api/v1/users/register 
      method - POST 
      IP - ::1
     {"timestamp":"2023-01-27T11:09:38.215Z"}
error: 
    status - 500 
    message - RangeError: Invalid status code: 11000
    at new NodeError (node:internal/errors:393:5)
    at ServerResponse.writeHead (node:_http_server:343:11)
    at ServerResponse.writeHead (E:\UserRegAndLogin\fundooNotes\node_modules\on-headers\index.js:44:26)
    at ServerResponse._implicitHeader (node:_http_server:334:8)
    at write_ (node:_http_outgoing:867:9)
    at ServerResponse.end (node:_http_outgoing:977:5)
    at ServerResponse.send (E:\UserRegAndLogin\fundooNotes\node_modules\express\lib\response.js:232:10)
    at ServerResponse.json (E:\UserRegAndLogin\fundooNotes\node_modules\express\lib\response.js:278:15)
    at appErrorHandler (E:\UserRegAndLogin\fundooNotes\src\middlewares\/error.middleware.js:36:26)
    at Layer.handle_error (E:\UserRegAndLogin\fundooNotes\node_modules\express\lib\router\layer.js:71:5)
    at trim_prefix (E:\UserRegAndLogin\fundooNotes\node_modules\express\lib\router\index.js:326:13)
    at E:\UserRegAndLogin\fundooNotes\node_modules\express\lib\router\index.js:286:9
    at Function.process_params (E:\UserRegAndLogin\fundooNotes\node_modules\express\lib\router\index.js:346:12)
    at Immediate.next (E:\UserRegAndLogin\fundooNotes\node_modules\express\lib\router\index.js:280:10)
    at Immediate._onImmediate (E:\UserRegAndLogin\fundooNotes\node_modules\express\lib\router\index.js:646:15)
    at processImmediate (node:internal/timers:473:21) 
    url - /api/v1/users/register 
    method - POST 
    IP - ::1
   {"timestamp":"2023-01-27T11:09:38.227Z"}
error: 
      status - 11000
      message - E11000 duplicate key error collection: UserReg.users index: email_1 dup key: { email: "abc@gmail.com" } 
      url - /api/v1/users/register 
      method - POST 
      IP - ::1
     {"timestamp":"2023-01-27T11:09:43.107Z"}
error: 
    status - 500 
    message - RangeError: Invalid status code: 11000
    at new NodeError (node:internal/errors:393:5)
    at ServerResponse.writeHead (node:_http_server:343:11)
    at ServerResponse.writeHead (E:\UserRegAndLogin\fundooNotes\node_modules\on-headers\index.js:44:26)
    at ServerResponse._implicitHeader (node:_http_server:334:8)
    at write_ (node:_http_outgoing:867:9)
    at ServerResponse.end (node:_http_outgoing:977:5)
    at ServerResponse.send (E:\UserRegAndLogin\fundooNotes\node_modules\express\lib\response.js:232:10)
    at ServerResponse.json (E:\UserRegAndLogin\fundooNotes\node_modules\express\lib\response.js:278:15)
    at appErrorHandler (E:\UserRegAndLogin\fundooNotes\src\middlewares\/error.middleware.js:36:26)
    at Layer.handle_error (E:\UserRegAndLogin\fundooNotes\node_modules\express\lib\router\layer.js:71:5)
    at trim_prefix (E:\UserRegAndLogin\fundooNotes\node_modules\express\lib\router\index.js:326:13)
    at E:\UserRegAndLogin\fundooNotes\node_modules\express\lib\router\index.js:286:9
    at Function.process_params (E:\UserRegAndLogin\fundooNotes\node_modules\express\lib\router\index.js:346:12)
    at Immediate.next (E:\UserRegAndLogin\fundooNotes\node_modules\express\lib\router\index.js:280:10)
    at Immediate._onImmediate (E:\UserRegAndLogin\fundooNotes\node_modules\express\lib\router\index.js:646:15)
    at processImmediate (node:internal/timers:473:21) 
    url - /api/v1/users/register 
    method - POST 
    IP - ::1
   {"timestamp":"2023-01-27T11:09:43.122Z"}
error: 
      status - 11000
      message - E11000 duplicate key error collection: UserReg.users index: email_1 dup key: { email: "abc@gmail.com" } 
      url - /api/v1/users/register 
      method - POST 
      IP - ::1
     {"timestamp":"2023-01-27T11:12:57.266Z"}
error: 
    status - 500 
    message - RangeError: Invalid status code: 11000
    at new NodeError (node:internal/errors:393:5)
    at ServerResponse.writeHead (node:_http_server:343:11)
    at ServerResponse.writeHead (E:\UserRegAndLogin\fundooNotes\node_modules\on-headers\index.js:44:26)
    at ServerResponse._implicitHeader (node:_http_server:334:8)
    at write_ (node:_http_outgoing:867:9)
    at ServerResponse.end (node:_http_outgoing:977:5)
    at ServerResponse.send (E:\UserRegAndLogin\fundooNotes\node_modules\express\lib\response.js:232:10)
    at ServerResponse.json (E:\UserRegAndLogin\fundooNotes\node_modules\express\lib\response.js:278:15)
    at appErrorHandler (E:\UserRegAndLogin\fundooNotes\src\middlewares\/error.middleware.js:36:26)
    at Layer.handle_error (E:\UserRegAndLogin\fundooNotes\node_modules\express\lib\router\layer.js:71:5)
    at trim_prefix (E:\UserRegAndLogin\fundooNotes\node_modules\express\lib\router\index.js:326:13)
    at E:\UserRegAndLogin\fundooNotes\node_modules\express\lib\router\index.js:286:9
    at Function.process_params (E:\UserRegAndLogin\fundooNotes\node_modules\express\lib\router\index.js:346:12)
    at Immediate.next (E:\UserRegAndLogin\fundooNotes\node_modules\express\lib\router\index.js:280:10)
    at Immediate._onImmediate (E:\UserRegAndLogin\fundooNotes\node_modules\express\lib\router\index.js:646:15)
    at processImmediate (node:internal/timers:473:21) 
    url - /api/v1/users/register 
    method - POST 
    IP - ::1
   {"timestamp":"2023-01-27T11:12:57.277Z"}
info: Server started at http://localhost:3000/api/v1/ {"timestamp":"2023-01-27T11:15:53.079Z"}
info: Connected to the database. {"timestamp":"2023-01-27T11:15:56.665Z"}
error: 
    status - 500 
    message - Error: User already exist
    at _callee2$ (E:\UserRegAndLogin\fundooNotes\src\services\/user.service.js:17:11)
    at tryCatch (E:\UserRegAndLogin\fundooNotes\node_modules\@babel\runtime\helpers\regeneratorRuntime.js:44:17)
    at Generator.<anonymous> (E:\UserRegAndLogin\fundooNotes\node_modules\@babel\runtime\helpers\regeneratorRuntime.js:125:22)
    at Generator.next (E:\UserRegAndLogin\fundooNotes\node_modules\@babel\runtime\helpers\regeneratorRuntime.js:69:21)
    at asyncGeneratorStep (E:\UserRegAndLogin\fundooNotes\node_modules\@babel\runtime\helpers\asyncToGenerator.js:3:24)
    at _next (E:\UserRegAndLogin\fundooNotes\node_modules\@babel\runtime\helpers\asyncToGenerator.js:22:9)
    at processTicksAndRejections (node:internal/process/task_queues:95:5) 
    url - /api/v1/users/register 
    method - POST 
    IP - ::1
   {"timestamp":"2023-01-27T11:15:57.298Z"}
info: Server started at http://localhost:3000/api/v1/ {"timestamp":"2023-01-27T11:16:51.112Z"}
info: Connected to the database. {"timestamp":"2023-01-27T11:16:55.027Z"}
error: 
    status - 500 
    message - Error: Please try again with different email id!
    at _callee2$ (E:\UserRegAndLogin\fundooNotes\src\services\/user.service.js:17:11)
    at tryCatch (E:\UserRegAndLogin\fundooNotes\node_modules\@babel\runtime\helpers\regeneratorRuntime.js:44:17)
    at Generator.<anonymous> (E:\UserRegAndLogin\fundooNotes\node_modules\@babel\runtime\helpers\regeneratorRuntime.js:125:22)
    at Generator.next (E:\UserRegAndLogin\fundooNotes\node_modules\@babel\runtime\helpers\regeneratorRuntime.js:69:21)
    at asyncGeneratorStep (E:\UserRegAndLogin\fundooNotes\node_modules\@babel\runtime\helpers\asyncToGenerator.js:3:24)
    at _next (E:\UserRegAndLogin\fundooNotes\node_modules\@babel\runtime\helpers\asyncToGenerator.js:22:9)
    at processTicksAndRejections (node:internal/process/task_queues:95:5) 
    url - /api/v1/users/register 
    method - POST 
    IP - ::1
   {"timestamp":"2023-01-27T11:17:00.272Z"}
info: Server started at http://localhost:3000/api/v1/ {"timestamp":"2023-01-27T11:36:08.737Z"}
info: Connected to the database. {"timestamp":"2023-01-27T11:36:12.700Z"}
info: Server started at http://localhost:3000/api/v1/ {"timestamp":"2023-01-27T11:49:40.023Z"}
info: Connected to the database. {"timestamp":"2023-01-27T11:49:42.657Z"}
info: Server started at http://localhost:3000/api/v1/ {"timestamp":"2023-01-27T11:57:58.353Z"}
info: Connected to the database. {"timestamp":"2023-01-27T11:58:01.017Z"}
info: Server started at http://localhost:3000/api/v1/ {"timestamp":"2023-01-27T12:01:46.578Z"}
info: Connected to the database. {"timestamp":"2023-01-27T12:01:49.766Z"}
