info: ::1 - - [31/Jan/2023:07:37:39 +0000] "POST /api/v1/ HTTP/1.1" 404 47 "-" "PostmanRuntime/7.30.0"

info: ::1 - - [31/Jan/2023:07:37:43 +0000] "GET /api/v1/ HTTP/1.1" 200 9 "-" "PostmanRuntime/7.30.0"

info: ::1 - - [31/Jan/2023:07:38:04 +0000] "POST /api/v1/users/register HTTP/1.1" 500 56 "-" "PostmanRuntime/7.30.0"

info: ::1 - - [31/Jan/2023:07:38:41 +0000] "POST /api/v1/users/register HTTP/1.1" 500 56 "-" "PostmanRuntime/7.30.0"

info: ::1 - - [31/Jan/2023:07:38:47 +0000] "POST /api/v1/users/register HTTP/1.1" 500 56 "-" "PostmanRuntime/7.30.0"

info: ::1 - - [31/Jan/2023:07:38:55 +0000] "POST /api/v1/users/register HTTP/1.1" 500 76 "-" "PostmanRuntime/7.30.0"

info: ::1 - - [31/Jan/2023:07:39:04 +0000] "POST /api/v1/users/register HTTP/1.1" 500 76 "-" "PostmanRuntime/7.30.0"

info: ::1 - - [31/Jan/2023:07:39:13 +0000] "POST /api/v1/users/register HTTP/1.1" 200 314 "-" "PostmanRuntime/7.30.0"

info: ::1 - - [31/Jan/2023:07:39:41 +0000] "POST /api/v1/users/login HTTP/1.1" 200 160 "-" "PostmanRuntime/7.30.0"

info: ::1 - - [31/Jan/2023:07:39:55 +0000] "POST /api/v1/users/login HTTP/1.1" 200 160 "-" "PostmanRuntime/7.30.0"

info: ::1 - - [31/Jan/2023:07:42:00 +0000] "POST /api/v1/notes/note HTTP/1.1" 500 85 "-" "PostmanRuntime/7.30.0"

info: ::1 - - [31/Jan/2023:07:42:10 +0000] "POST /api/v1/notes/note HTTP/1.1" 500 85 "-" "PostmanRuntime/7.30.0"

info: ::1 - - [31/Jan/2023:07:43:06 +0000] "POST /api/v1/notes/note HTTP/1.1" 500 52 "-" "PostmanRuntime/7.30.0"

info: ::1 - - [31/Jan/2023:07:45:38 +0000] "POST /api/v1/notes/note HTTP/1.1" 200 224 "-" "PostmanRuntime/7.30.0"

info: ::1 - - [31/Jan/2023:07:46:39 +0000] "POST /api/v1/notes/note HTTP/1.1" 200 222 "-" "PostmanRuntime/7.30.0"

info: ::1 - - [31/Jan/2023:07:46:57 +0000] "POST /api/v1/notes/note HTTP/1.1" 200 219 "-" "PostmanRuntime/7.30.0"

info: ::1 - - [31/Jan/2023:07:47:29 +0000] "GET /api/v1/notes/ HTTP/1.1" 500 75 "-" "PostmanRuntime/7.30.0"

info: ::1 - - [31/Jan/2023:07:53:44 +0000] "GET /api/v1/notes/ HTTP/1.1" 200 576 "-" "PostmanRuntime/7.30.0"

info: ::1 - - [31/Jan/2023:07:53:58 +0000] "GET /api/v1/notes/63d8c721249bef0bac26b11d HTTP/1.1" 500 74 "-" "PostmanRuntime/7.30.0"

info: ::1 - - [31/Jan/2023:07:56:53 +0000] "GET /api/v1/notes/63d8c721249bef0bac26b11d/ HTTP/1.1" 200 235 "-" "PostmanRuntime/7.30.0"

info: ::1 - - [31/Jan/2023:07:56:57 +0000] "GET /api/v1/notes/63d8c721249bef0bac26b11d HTTP/1.1" 200 235 "-" "PostmanRuntime/7.30.0"

info: ::1 - - [31/Jan/2023:07:58:49 +0000] "GET /api/v1/notes/63d8c721249bef0bac26b11d HTTP/1.1" 200 234 "-" "PostmanRuntime/7.30.0"

info: ::1 - - [31/Jan/2023:08:01:35 +0000] "PUT /api/v1/notes/63d8c721249bef0bac26b11d HTTP/1.1" 500 140 "-" "PostmanRuntime/7.30.0"

info: ::1 - - [31/Jan/2023:08:06:33 +0000] "PUT /api/v1/notes/63d8c721249bef0bac26b11d HTTP/1.1" 202 229 "-" "PostmanRuntime/7.30.0"

info: ::1 - - [31/Jan/2023:08:06:47 +0000] "GET /api/v1/notes/63d8c721249bef0bac26b11d HTTP/1.1" 200 233 "-" "PostmanRuntime/7.30.0"

info: ::1 - - [31/Jan/2023:08:15:10 +0000] "DELETE /api/v1/notes/63d8c721249bef0bac26b11d HTTP/1.1" 200 47 "-" "PostmanRuntime/7.30.0"

info: ::1 - - [31/Jan/2023:08:15:25 +0000] "GET /api/v1/notes/63d8c721249bef0bac26b11d HTTP/1.1" 200 66 "-" "PostmanRuntime/7.30.0"

info: ::1 - - [31/Jan/2023:08:15:35 +0000] "GET /api/v1/notes/ HTTP/1.1" 200 403 "-" "PostmanRuntime/7.30.0"

