info: ::1 - - [02/Feb/2023:19:31:01 +0000] "GET /undefined HTTP/1.1" 404 47 "-" "Mozilla/5.0 (Windows NT 10.0; Win64; x64) AppleWebKit/537.36 (KHTML, like Gecko) Chrome/109.0.0.0 Safari/537.36 Edg/109.0.1518.70"

info: ::1 - - [02/Feb/2023:19:31:01 +0000] "GET /favicon.ico HTTP/1.1" 404 47 "-" "Mozilla/5.0 (Windows NT 10.0; Win64; x64) AppleWebKit/537.36 (KHTML, like Gecko) Chrome/109.0.0.0 Safari/537.36 Edg/109.0.1518.70"

info: ::1 - - [02/Feb/2023:19:35:00 +0000] "POST /api/v1/users/forgetPass HTTP/1.1" 500 52 "-" "PostmanRuntime/7.30.0"

info: ::1 - - [02/Feb/2023:19:40:40 +0000] "POST /api/v1/users/forgetPass HTTP/1.1" 500 52 "-" "PostmanRuntime/7.30.0"

info: ::1 - - [02/Feb/2023:19:42:35 +0000] "POST /api/v1/users/forgetPass HTTP/1.1" 500 52 "-" "PostmanRuntime/7.30.0"

info: ::1 - - [02/Feb/2023:19:42:59 +0000] "POST /api/v1/users/forgetPass HTTP/1.1" 500 52 "-" "PostmanRuntime/7.30.0"

info: ::1 - - [02/Feb/2023:19:43:53 +0000] "GET /undefined HTTP/1.1" 404 47 "-" "Mozilla/5.0 (Windows NT 10.0; Win64; x64) AppleWebKit/537.36 (KHTML, like Gecko) Chrome/109.0.0.0 Safari/537.36 Edg/109.0.1518.70"

info: ::1 - - [02/Feb/2023:19:44:04 +0000] "GET /undefined HTTP/1.1" 404 47 "-" "Mozilla/5.0 (Windows NT 10.0; Win64; x64) AppleWebKit/537.36 (KHTML, like Gecko) Chrome/109.0.0.0 Safari/537.36 Edg/109.0.1518.70"

info: ::1 - - [02/Feb/2023:19:44:09 +0000] "GET /undefined HTTP/1.1" 404 47 "-" "Mozilla/5.0 (Windows NT 10.0; Win64; x64) AppleWebKit/537.36 (KHTML, like Gecko) Chrome/109.0.0.0 Safari/537.36 Edg/109.0.1518.70"

info: ::1 - - [02/Feb/2023:19:44:15 +0000] "GET /undefined HTTP/1.1" 404 47 "-" "Mozilla/5.0 (Windows NT 10.0; Win64; x64) AppleWebKit/537.36 (KHTML, like Gecko) Chrome/109.0.0.0 Safari/537.36 Edg/109.0.1518.70"

info: ::1 - - [02/Feb/2023:19:51:11 +0000] "POST /api/v1/users/forgetPass HTTP/1.1" 500 52 "-" "PostmanRuntime/7.30.0"

info: ::1 - - [02/Feb/2023:19:51:15 +0000] "POST /api/v1/users/forgetPass HTTP/1.1" 500 52 "-" "PostmanRuntime/7.30.0"

info: ::1 - - [02/Feb/2023:19:57:01 +0000] "POST /api/v1/users/forgetPass HTTP/1.1" 500 52 "-" "PostmanRuntime/7.30.0"

info: ::1 - - [02/Feb/2023:19:57:05 +0000] "POST /api/v1/users/forgetPass HTTP/1.1" 500 52 "-" "PostmanRuntime/7.30.0"

info: ::1 - - [02/Feb/2023:20:02:52 +0000] "POST /api/v1/users/forgetPass HTTP/1.1" 200 547 "-" "PostmanRuntime/7.30.0"

info: ::1 - - [02/Feb/2023:20:04:19 +0000] "PUT /api/v1/users/resetPass/eyJhbGciOiJIUzI1NiIsInR5cCI6IkpXVCJ9.eyJlbWFpbCI6ImNAZ21haWwuY29tIiwiaWF0IjoxNjc1MzY4MTY4fQ.-6rRs2Ah-Z8k_UsIZfY5rJ9YKy7_trjdiRCFT5yl_QE HTTP/1.1" 404 47 "-" "PostmanRuntime/7.30.0"

info: ::1 - - [02/Feb/2023:20:05:28 +0000] "PUT /api/v1/users/resetPass/eyJhbGciOiJIUzI1NiIsInR5cCI6IkpXVCJ9.eyJlbWFpbCI6ImNAZ21haWwuY29tIiwiaWF0IjoxNjc1MzY4MTY4fQ.-6rRs2Ah-Z8k_UsIZfY5rJ9YKy7_trjdiRCFT5yl_QE HTTP/1.1" 500 52 "-" "PostmanRuntime/7.30.0"

info: ::1 - - [02/Feb/2023:20:05:32 +0000] "PUT /api/v1/users/resetPass/eyJhbGciOiJIUzI1NiIsInR5cCI6IkpXVCJ9.eyJlbWFpbCI6ImNAZ21haWwuY29tIiwiaWF0IjoxNjc1MzY4MTY4fQ.-6rRs2Ah-Z8k_UsIZfY5rJ9YKy7_trjdiRCFT5yl_QE HTTP/1.1" 500 52 "-" "PostmanRuntime/7.30.0"

info: ::1 - - [02/Feb/2023:20:06:00 +0000] "PUT /api/v1/users/resetPass/eyJhbGciOiJIUzI1NiIsInR5cCI6IkpXVCJ9.eyJlbWFpbCI6ImNAZ21haWwuY29tIiwiaWF0IjoxNjc1MzY4MTY4fQ.-6rRs2Ah-Z8k_UsIZfY5rJ9YKy7_trjdiRCFT5yl_QE HTTP/1.1" 500 52 "-" "PostmanRuntime/7.30.0"

info: ::1 - - [02/Feb/2023:20:07:58 +0000] "PUT /api/v1/users/resetPass/eyJhbGciOiJIUzI1NiIsInR5cCI6IkpXVCJ9.eyJlbWFpbCI6ImNAZ21haWwuY29tIiwiaWF0IjoxNjc1MzY4MTY4fQ.-6rRs2Ah-Z8k_UsIZfY5rJ9YKy7_trjdiRCFT5yl_QE HTTP/1.1" 500 52 "-" "PostmanRuntime/7.30.0"

info: ::1 - - [03/Feb/2023:02:41:28 +0000] "POST /api/v1/users/forgetPass HTTP/1.1" 200 551 "-" "PostmanRuntime/7.30.0"

info: ::1 - - [03/Feb/2023:02:44:09 +0000] "POST /api/v1/users/forgetPass HTTP/1.1" 200 54 "-" "PostmanRuntime/7.30.0"

info: ::1 - - [03/Feb/2023:02:57:39 +0000] "POST /api/v1/users/forgetPass HTTP/1.1" 404 40 "-" "PostmanRuntime/7.30.0"

info: ::1 - - [03/Feb/2023:02:58:06 +0000] "GET /api/v1/users/ HTTP/1.1" 200 2765 "-" "PostmanRuntime/7.30.0"

info: ::1 - - [03/Feb/2023:02:58:36 +0000] "POST /api/v1/users/forgetPass HTTP/1.1" 404 40 "-" "PostmanRuntime/7.30.0"

info: ::1 - - [03/Feb/2023:10:18:53 +0000] "POST /api/v1/users//forgetPass HTTP/1.1" 404 40 "-" "PostmanRuntime/7.30.0"

info: ::1 - - [03/Feb/2023:10:19:10 +0000] "POST /api/v1/users/forgetPass HTTP/1.1" 404 40 "-" "PostmanRuntime/7.30.0"

info: ::1 - - [03/Feb/2023:10:19:20 +0000] "POST /api/v1/users/register HTTP/1.1" 500 56 "-" "PostmanRuntime/7.30.0"

info: ::1 - - [03/Feb/2023:10:22:21 +0000] "POST /api/v1/users/register HTTP/1.1" 500 322 "-" "PostmanRuntime/7.30.0"

info: ::1 - - [03/Feb/2023:10:26:59 +0000] "POST /api/v1/users/register HTTP/1.1" 200 320 "-" "PostmanRuntime/7.30.0"

info: ::1 - - [03/Feb/2023:10:27:43 +0000] "POST /api/v1/users/login HTTP/1.1" 200 174 "-" "PostmanRuntime/7.30.0"

info: ::1 - - [03/Feb/2023:10:28:04 +0000] "POST /api/v1/users/forgetPass HTTP/1.1" 404 40 "-" "PostmanRuntime/7.30.0"

info: ::1 - - [03/Feb/2023:10:30:39 +0000] "POST /api/v1/users/forgetPass HTTP/1.1" 404 40 "-" "PostmanRuntime/7.30.0"

info: ::1 - - [03/Feb/2023:10:30:45 +0000] "POST /api/v1/users/forgetPass HTTP/1.1" 404 40 "-" "PostmanRuntime/7.30.0"

info: ::1 - - [03/Feb/2023:10:33:37 +0000] "POST /api/v1/users/forgetPass HTTP/1.1" 404 40 "-" "PostmanRuntime/7.30.0"

info: ::1 - - [03/Feb/2023:10:44:00 +0000] "POST /api/v1/users/forgetPass HTTP/1.1" 404 40 "-" "PostmanRuntime/7.30.0"

info: ::1 - - [03/Feb/2023:10:50:49 +0000] "PUT /api/v1/users/forgetPass HTTP/1.1" 404 47 "-" "PostmanRuntime/7.30.0"

info: ::1 - - [03/Feb/2023:10:59:11 +0000] "PUT /api/v1/users/forgetPass HTTP/1.1" 404 47 "-" "PostmanRuntime/7.30.0"

info: ::1 - - [03/Feb/2023:10:59:23 +0000] "POST /api/v1/users/forgetPass HTTP/1.1" 404 40 "-" "PostmanRuntime/7.30.0"

info: ::1 - - [03/Feb/2023:12:07:15 +0000] "POST /api/v1/users/forgetPass HTTP/1.1" 404 40 "-" "PostmanRuntime/7.30.0"

info: ::1 - - [03/Feb/2023:12:10:08 +0000] "POST /api/v1/users/forgetPass HTTP/1.1" 404 40 "-" "PostmanRuntime/7.30.0"

info: ::1 - - [03/Feb/2023:12:10:19 +0000] "POST /api/v1/users/forgetPass HTTP/1.1" 404 40 "-" "PostmanRuntime/7.30.0"

info: ::1 - - [03/Feb/2023:12:12:18 +0000] "POST /api/v1/users/forgetPass HTTP/1.1" 404 40 "-" "PostmanRuntime/7.30.0"

