info: ::1 - - [01/Feb/2023:05:16:57 +0000] "GET /api/v1/notes/ HTTP/1.1" 200 463 "-" "PostmanRuntime/7.30.0"

info: ::1 - - [01/Feb/2023:05:20:18 +0000] "PUT /api/v1/notes//trash/recover/63d8c771249bef0bac26b121 HTTP/1.1" 500 186 "-" "PostmanRuntime/7.30.0"

info: ::1 - - [01/Feb/2023:05:22:35 +0000] "PUT /api/v1/notes//trash/63d8c771249bef0bac26b121 HTTP/1.1" 500 186 "-" "PostmanRuntime/7.30.0"

info: ::1 - - [01/Feb/2023:05:24:11 +0000] "PUT /api/v1/notes//trash/63d8c771249bef0bac26b121 HTTP/1.1" 500 186 "-" "PostmanRuntime/7.30.0"

info: ::1 - - [01/Feb/2023:05:25:01 +0000] "GET /api/v1/notes/ HTTP/1.1" 200 463 "-" "PostmanRuntime/7.30.0"

info: ::1 - - [01/Feb/2023:05:25:20 +0000] "PUT /api/v1/notes/trash/63d8c75e249bef0bac26b11f HTTP/1.1" 500 186 "-" "PostmanRuntime/7.30.0"

info: ::1 - - [01/Feb/2023:05:47:26 +0000] "PUT /api/v1/notes/trash HTTP/1.1" 500 53 "-" "PostmanRuntime/7.30.0"

info: ::1 - - [01/Feb/2023:05:47:42 +0000] "GET /api/v1/notes/trash HTTP/1.1" 500 127 "-" "PostmanRuntime/7.30.0"

info: ::1 - - [01/Feb/2023:05:48:37 +0000] "GET /api/v1/notes/ HTTP/1.1" 200 463 "-" "PostmanRuntime/7.30.0"

info: ::1 - - [01/Feb/2023:05:48:54 +0000] "GET /api/v1/notes/trash/63d8c75e249bef0bac26b11f HTTP/1.1" 404 47 "-" "PostmanRuntime/7.30.0"

info: ::1 - - [01/Feb/2023:05:49:01 +0000] "PUT /api/v1/notes/trash/63d8c75e249bef0bac26b11f HTTP/1.1" 404 47 "-" "PostmanRuntime/7.30.0"

info: ::1 - - [01/Feb/2023:05:49:25 +0000] "PUT /api/v1/notes/trash/63d8c75e249bef0bac26b11f HTTP/1.1" 404 47 "-" "PostmanRuntime/7.30.0"

info: ::1 - - [01/Feb/2023:08:26:56 +0000] "PUT /api/v1/notes/trash/63d8c75e249bef0bac26b11f HTTP/1.1" 500 186 "-" "PostmanRuntime/7.30.0"

info: ::1 - - [01/Feb/2023:08:27:11 +0000] "PUT /api/v1/notes/trash/:63d8c75e249bef0bac26b11f HTTP/1.1" 500 187 "-" "PostmanRuntime/7.30.0"

info: ::1 - - [01/Feb/2023:08:27:16 +0000] "PUT /api/v1/notes/trash/:63d8c75e249bef0bac26b11f HTTP/1.1" 500 187 "-" "PostmanRuntime/7.30.0"

info: ::1 - - [01/Feb/2023:08:27:17 +0000] "PUT /api/v1/notes/trash/:63d8c75e249bef0bac26b11f HTTP/1.1" 500 187 "-" "PostmanRuntime/7.30.0"

info: ::1 - - [01/Feb/2023:08:29:50 +0000] "PUT /api/v1/notes/trash/:63d8c75e249bef0bac26b11f HTTP/1.1" 500 187 "-" "PostmanRuntime/7.30.0"

info: ::1 - - [01/Feb/2023:08:29:59 +0000] "PUT /api/v1/notes/trash/:63d8c75e249bef0bac26b11f HTTP/1.1" 500 187 "-" "PostmanRuntime/7.30.0"

info: ::1 - - [01/Feb/2023:08:30:04 +0000] "PUT /api/v1/notes/trash/:63d8c75e249bef0bac26b11f HTTP/1.1" 500 187 "-" "PostmanRuntime/7.30.0"

info: ::1 - - [01/Feb/2023:08:31:13 +0000] "PUT /api/v1/notes/trash/63d8c75e249bef0bac26b11f HTTP/1.1" 500 186 "-" "PostmanRuntime/7.30.0"

info: ::1 - - [01/Feb/2023:08:31:22 +0000] "PUT /api/v1/notes/trash/63d8c75e249bef0bac26b11f HTTP/1.1" 500 186 "-" "PostmanRuntime/7.30.0"

info: ::1 - - [01/Feb/2023:08:31:30 +0000] "GET /api/v1/notes/trash/63d8c75e249bef0bac26b11f HTTP/1.1" 404 47 "-" "PostmanRuntime/7.30.0"

info: ::1 - - [01/Feb/2023:08:31:36 +0000] "GET /api/v1/notes/trash/:63d8c75e249bef0bac26b11f HTTP/1.1" 404 47 "-" "PostmanRuntime/7.30.0"

info: ::1 - - [01/Feb/2023:08:31:42 +0000] "GET /api/v1/notes/trash/ HTTP/1.1" 500 127 "-" "PostmanRuntime/7.30.0"

info: ::1 - - [01/Feb/2023:08:31:45 +0000] "GET /api/v1/notes/ HTTP/1.1" 200 463 "-" "PostmanRuntime/7.30.0"

info: ::1 - - [01/Feb/2023:08:31:48 +0000] "GET /api/v1/notes HTTP/1.1" 200 463 "-" "PostmanRuntime/7.30.0"

info: ::1 - - [01/Feb/2023:08:31:52 +0000] "GET /api/v1/notes/63d8c75e249bef0bac26b11f HTTP/1.1" 200 262 "-" "PostmanRuntime/7.30.0"

info: ::1 - - [01/Feb/2023:08:32:05 +0000] "GET /api/v1/notes/:63d8c75e249bef0bac26b11f HTTP/1.1" 500 147 "-" "PostmanRuntime/7.30.0"

info: ::1 - - [01/Feb/2023:08:32:12 +0000] "GET /api/v1/notes/63d8c75e249bef0bac26b11f HTTP/1.1" 200 262 "-" "PostmanRuntime/7.30.0"

info: ::1 - - [01/Feb/2023:08:32:35 +0000] "GET /api/v1/trash/63d8c75e249bef0bac26b11f HTTP/1.1" 404 47 "-" "PostmanRuntime/7.30.0"

info: ::1 - - [01/Feb/2023:08:32:41 +0000] "GET /api/v1/notes/trash/63d8c75e249bef0bac26b11f HTTP/1.1" 404 47 "-" "PostmanRuntime/7.30.0"

info: ::1 - - [01/Feb/2023:08:32:45 +0000] "GET /api/v1/notes/trash/63d8c75e249bef0bac26b11f HTTP/1.1" 404 47 "-" "PostmanRuntime/7.30.0"

info: ::1 - - [01/Feb/2023:08:32:48 +0000] "PUT /api/v1/notes/trash/63d8c75e249bef0bac26b11f HTTP/1.1" 500 186 "-" "PostmanRuntime/7.30.0"

info: ::1 - - [01/Feb/2023:08:38:00 +0000] "PUT /api/v1/notes/trash/63d8c75e249bef0bac26b11f HTTP/1.1" 500 167 "-" "PostmanRuntime/7.30.0"

info: ::1 - - [01/Feb/2023:08:38:09 +0000] "PUT /api/v1/notes/trash/63d8c75e249bef0bac26b11f HTTP/1.1" 500 167 "-" "PostmanRuntime/7.30.0"

info: ::1 - - [01/Feb/2023:08:38:12 +0000] "PUT /api/v1/notes/trash/63d8c75e249bef0bac26b11f HTTP/1.1" 500 167 "-" "PostmanRuntime/7.30.0"

info: ::1 - - [01/Feb/2023:08:38:22 +0000] "PUT /api/v1/notes/trash/63d8c75e249bef0bac26b11f HTTP/1.1" 500 167 "-" "PostmanRuntime/7.30.0"

info: ::1 - - [01/Feb/2023:08:38:32 +0000] "PUT /api/v1/notes/trash/63d8c75e249bef0bac26b11f HTTP/1.1" 500 167 "-" "PostmanRuntime/7.30.0"

info: ::1 - - [01/Feb/2023:08:38:35 +0000] "POST /api/v1/notes/trash/63d8c75e249bef0bac26b11f HTTP/1.1" 404 47 "-" "PostmanRuntime/7.30.0"

info: ::1 - - [01/Feb/2023:08:40:34 +0000] "PUT /api/v1/notes/trash/63d8c75e249bef0bac26b11f HTTP/1.1" 500 167 "-" "PostmanRuntime/7.30.0"

