info: ::1 - - [02/Feb/2023:04:28:36 +0000] "POST /api/v1/users/register HTTP/1.1" 500 56 "-" "PostmanRuntime/7.30.0"

info: ::1 - - [02/Feb/2023:04:29:59 +0000] "POST /api/v1/users/register HTTP/1.1" 200 323 "-" "PostmanRuntime/7.30.0"

info: ::1 - - [02/Feb/2023:04:30:26 +0000] "POST /api/v1/users/login HTTP/1.1" 200 172 "-" "PostmanRuntime/7.30.0"

info: ::1 - - [02/Feb/2023:04:32:11 +0000] "POST /api/v1/notes/note HTTP/1.1" 200 252 "-" "PostmanRuntime/7.30.0"

info: ::1 - - [02/Feb/2023:04:32:41 +0000] "POST /api/v1/notes/note HTTP/1.1" 200 249 "-" "PostmanRuntime/7.30.0"

info: ::1 - - [02/Feb/2023:04:32:57 +0000] "POST /api/v1/notes/note HTTP/1.1" 200 255 "-" "PostmanRuntime/7.30.0"

info: ::1 - - [02/Feb/2023:04:33:32 +0000] "PUT /api/v1/notes/63db3cf9b521202754eb5498/trash HTTP/1.1" 404 47 "-" "PostmanRuntime/7.30.0"

info: ::1 - - [02/Feb/2023:04:34:56 +0000] "PUT /api/v1/notes/trash/63db3cf9b521202754eb5498 HTTP/1.1" 404 47 "-" "PostmanRuntime/7.30.0"

info: ::1 - - [02/Feb/2023:04:35:07 +0000] "PUT /api/v1/notes/trash/63db3cf9b521202754eb5498 HTTP/1.1" 404 47 "-" "PostmanRuntime/7.30.0"

info: ::1 - - [02/Feb/2023:04:36:27 +0000] "PUT /api/v1/notes/trash/63db3cf9b521202754eb5498 HTTP/1.1" 500 88 "-" "PostmanRuntime/7.30.0"

info: ::1 - - [02/Feb/2023:04:38:00 +0000] "PUT /api/v1/notes/trash/63db3cf9b521202754eb5498 HTTP/1.1" 500 58 "-" "PostmanRuntime/7.30.0"

info: ::1 - - [02/Feb/2023:04:39:11 +0000] "PUT /api/v1/notes/trash/63db3cf9b521202754eb5498 HTTP/1.1" 500 88 "-" "PostmanRuntime/7.30.0"

info: ::1 - - [02/Feb/2023:04:39:17 +0000] "PUT /api/v1/notes/trash/63db3cf9b521202754eb5498 HTTP/1.1" 500 88 "-" "PostmanRuntime/7.30.0"

info: ::1 - - [02/Feb/2023:04:45:08 +0000] "PUT /api/v1/notes/trash/63db3cf9b521202754eb5498 HTTP/1.1" 500 88 "-" "PostmanRuntime/7.30.0"

info: ::1 - - [02/Feb/2023:04:47:01 +0000] "PUT /api/v1/notes/trash/63db3cf9b521202754eb5498 HTTP/1.1" 500 199 "-" "PostmanRuntime/7.30.0"

info: ::1 - - [02/Feb/2023:04:51:45 +0000] "PUT /api/v1/notes/trash/63db3cf9b521202754eb5498 HTTP/1.1" 500 199 "-" "PostmanRuntime/7.30.0"

info: ::1 - - [02/Feb/2023:04:51:51 +0000] "PUT /api/v1/notes/trash/63db3cf9b521202754eb5498 HTTP/1.1" 500 199 "-" "PostmanRuntime/7.30.0"

info: ::1 - - [02/Feb/2023:04:53:26 +0000] "PUT /api/v1/notes/trash/63db3cf9b521202754eb5498 HTTP/1.1" 500 199 "-" "PostmanRuntime/7.30.0"

info: ::1 - - [02/Feb/2023:04:55:35 +0000] "PUT /api/v1/notes/trash/63db3cf9b521202754eb5498 HTTP/1.1" 500 183 "-" "PostmanRuntime/7.30.0"

info: ::1 - - [02/Feb/2023:04:56:45 +0000] "PUT /api/v1/notes/trash/63db3cf9b521202754eb5498 HTTP/1.1" 202 238 "-" "PostmanRuntime/7.30.0"

info: ::1 - - [02/Feb/2023:04:59:39 +0000] "PUT /api/v1/notes/trash/63db3cf9b521202754eb5498 HTTP/1.1" 404 47 "-" "PostmanRuntime/7.30.0"

info: ::1 - - [02/Feb/2023:04:59:45 +0000] "PUT /api/v1/notes/trash/63db3cf9b521202754eb5498 HTTP/1.1" 404 47 "-" "PostmanRuntime/7.30.0"

info: ::1 - - [02/Feb/2023:04:59:52 +0000] "PUT /api/v1/notes/63db3cf9b521202754eb5498/trash/ HTTP/1.1" 202 237 "-" "PostmanRuntime/7.30.0"

info: ::1 - - [02/Feb/2023:05:00:10 +0000] "PUT /api/v1/notes/63db3cf9b521202754eb5498/recTrash HTTP/1.1" 404 47 "-" "PostmanRuntime/7.30.0"

info: ::1 - - [02/Feb/2023:05:00:30 +0000] "PUT /api/v1/notes/63db3cf9b521202754eb5498/trash/recover HTTP/1.1" 202 238 "-" "PostmanRuntime/7.30.0"

info: ::1 - - [02/Feb/2023:05:00:39 +0000] "GET /api/v1/notes/63db3cf9b521202754eb5498/trash/recover HTTP/1.1" 404 47 "-" "PostmanRuntime/7.30.0"

info: ::1 - - [02/Feb/2023:05:00:54 +0000] "GET /api/v1/notes/ HTTP/1.1" 200 1066 "-" "PostmanRuntime/7.30.0"

info: ::1 - - [02/Feb/2023:05:02:41 +0000] "PUT /api/v1/notes/63db3cf9b521202754eb5498/archive HTTP/1.1" 202 237 "-" "PostmanRuntime/7.30.0"

