info: ::1 - - [27/Jan/2023:10:34:01 +0000] "POST /api/v1/users/registraion HTTP/1.1" 404 47 "-" "PostmanRuntime/7.30.0"

info: ::1 - - [27/Jan/2023:10:35:21 +0000] "GET /api/v1/users/ HTTP/1.1" 200 65 "-" "PostmanRuntime/7.30.0"

info: ::1 - - [27/Jan/2023:10:35:31 +0000] "POST /api/v1/users/ HTTP/1.1" 404 47 "-" "PostmanRuntime/7.30.0"

info: ::1 - - [27/Jan/2023:10:35:41 +0000] "POST /api/v1/users/registration HTTP/1.1" 200 263 "-" "PostmanRuntime/7.30.0"

info: ::1 - - [27/Jan/2023:10:36:17 +0000] "POST /api/v1/users/login HTTP/1.1" 200 41 "-" "PostmanRuntime/7.30.0"

info: ::1 - - [27/Jan/2023:10:36:54 +0000] "POST /api/v1/users/registration HTTP/1.1" 500 56 "-" "PostmanRuntime/7.30.0"

info: ::1 - - [27/Jan/2023:10:37:02 +0000] "POST /api/v1/users/registration HTTP/1.1" 500 61 "-" "PostmanRuntime/7.30.0"

info: ::1 - - [27/Jan/2023:10:59:44 +0000] "POST /api/v1/users/registration HTTP/1.1" 404 47 "-" "PostmanRuntime/7.30.0"

info: ::1 - - [27/Jan/2023:10:59:55 +0000] "POST /api/v1/users/registration HTTP/1.1" 404 47 "-" "PostmanRuntime/7.30.0"

info: ::1 - - [27/Jan/2023:11:00:00 +0000] "POST /api/v1/users/registration HTTP/1.1" 404 47 "-" "PostmanRuntime/7.30.0"

info: ::1 - - [27/Jan/2023:11:01:16 +0000] "POST /api/v1/users/register HTTP/1.1" 500 56 "-" "PostmanRuntime/7.30.0"

info: ::1 - - [27/Jan/2023:11:03:45 +0000] "POST /api/v1/users/register HTTP/1.1" 500 61 "-" "PostmanRuntime/7.30.0"

info: ::1 - - [27/Jan/2023:11:07:13 +0000] "POST /api/v1/users/register HTTP/1.1" 500 61 "-" "PostmanRuntime/7.30.0"

info: ::1 - - [27/Jan/2023:11:07:41 +0000] "POST /api/v1/users/register HTTP/1.1" 500 61 "-" "PostmanRuntime/7.30.0"

info: ::1 - - [27/Jan/2023:11:08:49 +0000] "POST /api/v1/users/register HTTP/1.1" 500 61 "-" "PostmanRuntime/7.30.0"

info: ::1 - - [27/Jan/2023:11:09:06 +0000] "POST /api/v1/users/login HTTP/1.1" 200 41 "-" "PostmanRuntime/7.30.0"

info: ::1 - - [27/Jan/2023:11:09:32 +0000] "POST /api/v1/users/register HTTP/1.1" 200 265 "-" "PostmanRuntime/7.30.0"

info: ::1 - - [27/Jan/2023:11:09:38 +0000] "POST /api/v1/users/register HTTP/1.1" 500 61 "-" "PostmanRuntime/7.30.0"

info: ::1 - - [27/Jan/2023:11:09:43 +0000] "POST /api/v1/users/register HTTP/1.1" 500 61 "-" "PostmanRuntime/7.30.0"

info: ::1 - - [27/Jan/2023:11:12:57 +0000] "POST /api/v1/users/register HTTP/1.1" 500 61 "-" "PostmanRuntime/7.30.0"

info: ::1 - - [27/Jan/2023:11:13:07 +0000] "POST /api/v1/users/register HTTP/1.1" 200 264 "-" "PostmanRuntime/7.30.0"

info: ::1 - - [27/Jan/2023:11:15:57 +0000] "POST /api/v1/users/register HTTP/1.1" 500 53 "-" "PostmanRuntime/7.30.0"

info: ::1 - - [27/Jan/2023:11:17:00 +0000] "POST /api/v1/users/register HTTP/1.1" 500 76 "-" "PostmanRuntime/7.30.0"

info: ::1 - - [27/Jan/2023:11:17:05 +0000] "POST /api/v1/users/register HTTP/1.1" 200 263 "-" "PostmanRuntime/7.30.0"

info: ::1 - - [28/Jan/2023:03:32:01 +0000] "POST /api/v1/users/register HTTP/1.1" 500 76 "-" "PostmanRuntime/7.30.0"

info: ::1 - - [28/Jan/2023:03:32:15 +0000] "POST /api/v1/users/register HTTP/1.1" 200 267 "-" "PostmanRuntime/7.30.0"

info: ::1 - - [28/Jan/2023:03:33:39 +0000] "POST /api/v1/users/register HTTP/1.1" 200 315 "-" "PostmanRuntime/7.30.0"

info: ::1 - - [28/Jan/2023:04:38:14 +0000] "POST /api/v1/users/register HTTP/1.1" 200 258 "-" "PostmanRuntime/7.30.0"

info: ::1 - - [28/Jan/2023:05:34:17 +0000] "POST /api/v1/users/register HTTP/1.1" 500 76 "-" "PostmanRuntime/7.30.0"

info: ::1 - - [28/Jan/2023:05:34:22 +0000] "POST /api/v1/users/register HTTP/1.1" 200 258 "-" "PostmanRuntime/7.30.0"

info: ::1 - - [28/Jan/2023:05:51:12 +0000] "POST /api/v1/users/ HTTP/1.1" 404 47 "-" "PostmanRuntime/7.30.0"

info: ::1 - - [28/Jan/2023:05:51:17 +0000] "POST /api/v1/users HTTP/1.1" 404 47 "-" "PostmanRuntime/7.30.0"

info: ::1 - - [28/Jan/2023:05:51:22 +0000] "POST /api/v1/ HTTP/1.1" 404 47 "-" "PostmanRuntime/7.30.0"

info: ::1 - - [28/Jan/2023:05:51:27 +0000] "POST /api/v1/users HTTP/1.1" 404 47 "-" "PostmanRuntime/7.30.0"

info: ::1 - - [28/Jan/2023:05:57:47 +0000] "POST /api/v1/users/register HTTP/1.1" 500 76 "-" "PostmanRuntime/7.30.0"

info: ::1 - - [28/Jan/2023:05:57:58 +0000] "POST /api/v1/users/register HTTP/1.1" 500 76 "-" "PostmanRuntime/7.30.0"

info: ::1 - - [28/Jan/2023:05:58:08 +0000] "POST /api/v1/users/register HTTP/1.1" 200 316 "-" "PostmanRuntime/7.30.0"

info: ::1 - - [30/Jan/2023:11:01:51 +0000] "POST /api/v1/users/register HTTP/1.1" 500 76 "-" "PostmanRuntime/7.30.0"

info: ::1 - - [30/Jan/2023:11:01:59 +0000] "POST /api/v1/users/register HTTP/1.1" 200 315 "-" "PostmanRuntime/7.30.0"

info: ::1 - - [30/Jan/2023:11:02:08 +0000] "GET /api/v1/users/ HTTP/1.1" 200 2248 "-" "PostmanRuntime/7.30.0"

info: ::1 - - [30/Jan/2023:11:02:22 +0000] "POST /api/v1/users/login HTTP/1.1" 200 277 "-" "PostmanRuntime/7.30.0"

info: ::1 - - [30/Jan/2023:11:02:26 +0000] "POST /api/v1/users/login HTTP/1.1" 200 277 "-" "PostmanRuntime/7.30.0"

info: ::1 - - [30/Jan/2023:11:02:35 +0000] "POST /api/v1/users/login HTTP/1.1" 200 277 "-" "PostmanRuntime/7.30.0"

info: ::1 - - [30/Jan/2023:11:02:44 +0000] "POST /api/v1/users/login/ HTTP/1.1" 200 277 "-" "PostmanRuntime/7.30.0"

info: ::1 - - [30/Jan/2023:11:03:06 +0000] "GET /api/v1/users/login HTTP/1.1" 404 47 "-" "PostmanRuntime/7.30.0"

info: ::1 - - [30/Jan/2023:11:03:16 +0000] "GET /api/v1/users/login HTTP/1.1" 404 47 "-" "PostmanRuntime/7.30.0"

info: ::1 - - [30/Jan/2023:11:03:37 +0000] "GET /api/v1/users/login HTTP/1.1" 404 47 "-" "PostmanRuntime/7.30.0"

info: ::1 - - [30/Jan/2023:11:03:43 +0000] "POST /api/v1/users/login HTTP/1.1" 500 58 "-" "PostmanRuntime/7.30.0"

info: ::1 - - [30/Jan/2023:11:03:50 +0000] "POST /api/v1/users/login HTTP/1.1" 200 277 "-" "PostmanRuntime/7.30.0"

info: ::1 - - [31/Jan/2023:07:37:39 +0000] "POST /api/v1/ HTTP/1.1" 404 47 "-" "PostmanRuntime/7.30.0"

info: ::1 - - [31/Jan/2023:07:37:43 +0000] "GET /api/v1/ HTTP/1.1" 200 9 "-" "PostmanRuntime/7.30.0"

info: ::1 - - [31/Jan/2023:07:38:04 +0000] "POST /api/v1/users/register HTTP/1.1" 500 56 "-" "PostmanRuntime/7.30.0"

info: ::1 - - [31/Jan/2023:07:38:41 +0000] "POST /api/v1/users/register HTTP/1.1" 500 56 "-" "PostmanRuntime/7.30.0"

info: ::1 - - [31/Jan/2023:07:38:47 +0000] "POST /api/v1/users/register HTTP/1.1" 500 56 "-" "PostmanRuntime/7.30.0"

info: ::1 - - [31/Jan/2023:07:38:55 +0000] "POST /api/v1/users/register HTTP/1.1" 500 76 "-" "PostmanRuntime/7.30.0"

info: ::1 - - [31/Jan/2023:07:39:04 +0000] "POST /api/v1/users/register HTTP/1.1" 500 76 "-" "PostmanRuntime/7.30.0"

info: ::1 - - [31/Jan/2023:07:39:13 +0000] "POST /api/v1/users/register HTTP/1.1" 200 314 "-" "PostmanRuntime/7.30.0"

info: ::1 - - [31/Jan/2023:07:39:41 +0000] "POST /api/v1/users/login HTTP/1.1" 200 160 "-" "PostmanRuntime/7.30.0"

info: ::1 - - [31/Jan/2023:07:39:55 +0000] "POST /api/v1/users/login HTTP/1.1" 200 160 "-" "PostmanRuntime/7.30.0"

info: ::1 - - [31/Jan/2023:07:42:00 +0000] "POST /api/v1/notes/note HTTP/1.1" 500 85 "-" "PostmanRuntime/7.30.0"

info: ::1 - - [31/Jan/2023:07:42:10 +0000] "POST /api/v1/notes/note HTTP/1.1" 500 85 "-" "PostmanRuntime/7.30.0"

info: ::1 - - [31/Jan/2023:07:43:06 +0000] "POST /api/v1/notes/note HTTP/1.1" 500 52 "-" "PostmanRuntime/7.30.0"

info: ::1 - - [31/Jan/2023:07:45:38 +0000] "POST /api/v1/notes/note HTTP/1.1" 200 224 "-" "PostmanRuntime/7.30.0"

info: ::1 - - [31/Jan/2023:07:46:39 +0000] "POST /api/v1/notes/note HTTP/1.1" 200 222 "-" "PostmanRuntime/7.30.0"

info: ::1 - - [31/Jan/2023:07:46:57 +0000] "POST /api/v1/notes/note HTTP/1.1" 200 219 "-" "PostmanRuntime/7.30.0"

info: ::1 - - [31/Jan/2023:07:47:29 +0000] "GET /api/v1/notes/ HTTP/1.1" 500 75 "-" "PostmanRuntime/7.30.0"

info: ::1 - - [31/Jan/2023:07:53:44 +0000] "GET /api/v1/notes/ HTTP/1.1" 200 576 "-" "PostmanRuntime/7.30.0"

info: ::1 - - [31/Jan/2023:07:53:58 +0000] "GET /api/v1/notes/63d8c721249bef0bac26b11d HTTP/1.1" 500 74 "-" "PostmanRuntime/7.30.0"

info: ::1 - - [31/Jan/2023:07:56:53 +0000] "GET /api/v1/notes/63d8c721249bef0bac26b11d/ HTTP/1.1" 200 235 "-" "PostmanRuntime/7.30.0"

info: ::1 - - [31/Jan/2023:07:56:57 +0000] "GET /api/v1/notes/63d8c721249bef0bac26b11d HTTP/1.1" 200 235 "-" "PostmanRuntime/7.30.0"

info: ::1 - - [31/Jan/2023:07:58:49 +0000] "GET /api/v1/notes/63d8c721249bef0bac26b11d HTTP/1.1" 200 234 "-" "PostmanRuntime/7.30.0"

info: ::1 - - [31/Jan/2023:08:01:35 +0000] "PUT /api/v1/notes/63d8c721249bef0bac26b11d HTTP/1.1" 500 140 "-" "PostmanRuntime/7.30.0"

info: ::1 - - [31/Jan/2023:08:06:33 +0000] "PUT /api/v1/notes/63d8c721249bef0bac26b11d HTTP/1.1" 202 229 "-" "PostmanRuntime/7.30.0"

info: ::1 - - [31/Jan/2023:08:06:47 +0000] "GET /api/v1/notes/63d8c721249bef0bac26b11d HTTP/1.1" 200 233 "-" "PostmanRuntime/7.30.0"

info: ::1 - - [31/Jan/2023:08:15:10 +0000] "DELETE /api/v1/notes/63d8c721249bef0bac26b11d HTTP/1.1" 200 47 "-" "PostmanRuntime/7.30.0"

info: ::1 - - [31/Jan/2023:08:15:25 +0000] "GET /api/v1/notes/63d8c721249bef0bac26b11d HTTP/1.1" 200 66 "-" "PostmanRuntime/7.30.0"

info: ::1 - - [31/Jan/2023:08:15:35 +0000] "GET /api/v1/notes/ HTTP/1.1" 200 403 "-" "PostmanRuntime/7.30.0"

info: ::1 - - [01/Feb/2023:05:16:57 +0000] "GET /api/v1/notes/ HTTP/1.1" 200 463 "-" "PostmanRuntime/7.30.0"

info: ::1 - - [01/Feb/2023:05:20:18 +0000] "PUT /api/v1/notes//trash/recover/63d8c771249bef0bac26b121 HTTP/1.1" 500 186 "-" "PostmanRuntime/7.30.0"

info: ::1 - - [01/Feb/2023:05:22:35 +0000] "PUT /api/v1/notes//trash/63d8c771249bef0bac26b121 HTTP/1.1" 500 186 "-" "PostmanRuntime/7.30.0"

info: ::1 - - [01/Feb/2023:05:24:11 +0000] "PUT /api/v1/notes//trash/63d8c771249bef0bac26b121 HTTP/1.1" 500 186 "-" "PostmanRuntime/7.30.0"

info: ::1 - - [01/Feb/2023:05:25:01 +0000] "GET /api/v1/notes/ HTTP/1.1" 200 463 "-" "PostmanRuntime/7.30.0"

info: ::1 - - [01/Feb/2023:05:25:20 +0000] "PUT /api/v1/notes/trash/63d8c75e249bef0bac26b11f HTTP/1.1" 500 186 "-" "PostmanRuntime/7.30.0"

info: ::1 - - [01/Feb/2023:05:47:26 +0000] "PUT /api/v1/notes/trash HTTP/1.1" 500 53 "-" "PostmanRuntime/7.30.0"

info: ::1 - - [01/Feb/2023:05:47:42 +0000] "GET /api/v1/notes/trash HTTP/1.1" 500 127 "-" "PostmanRuntime/7.30.0"

info: ::1 - - [01/Feb/2023:05:48:37 +0000] "GET /api/v1/notes/ HTTP/1.1" 200 463 "-" "PostmanRuntime/7.30.0"

info: ::1 - - [01/Feb/2023:05:48:54 +0000] "GET /api/v1/notes/trash/63d8c75e249bef0bac26b11f HTTP/1.1" 404 47 "-" "PostmanRuntime/7.30.0"

info: ::1 - - [01/Feb/2023:05:49:01 +0000] "PUT /api/v1/notes/trash/63d8c75e249bef0bac26b11f HTTP/1.1" 404 47 "-" "PostmanRuntime/7.30.0"

info: ::1 - - [01/Feb/2023:05:49:25 +0000] "PUT /api/v1/notes/trash/63d8c75e249bef0bac26b11f HTTP/1.1" 404 47 "-" "PostmanRuntime/7.30.0"

info: ::1 - - [01/Feb/2023:08:26:56 +0000] "PUT /api/v1/notes/trash/63d8c75e249bef0bac26b11f HTTP/1.1" 500 186 "-" "PostmanRuntime/7.30.0"

info: ::1 - - [01/Feb/2023:08:27:11 +0000] "PUT /api/v1/notes/trash/:63d8c75e249bef0bac26b11f HTTP/1.1" 500 187 "-" "PostmanRuntime/7.30.0"

info: ::1 - - [01/Feb/2023:08:27:16 +0000] "PUT /api/v1/notes/trash/:63d8c75e249bef0bac26b11f HTTP/1.1" 500 187 "-" "PostmanRuntime/7.30.0"

info: ::1 - - [01/Feb/2023:08:27:17 +0000] "PUT /api/v1/notes/trash/:63d8c75e249bef0bac26b11f HTTP/1.1" 500 187 "-" "PostmanRuntime/7.30.0"

info: ::1 - - [01/Feb/2023:08:29:50 +0000] "PUT /api/v1/notes/trash/:63d8c75e249bef0bac26b11f HTTP/1.1" 500 187 "-" "PostmanRuntime/7.30.0"

info: ::1 - - [01/Feb/2023:08:29:59 +0000] "PUT /api/v1/notes/trash/:63d8c75e249bef0bac26b11f HTTP/1.1" 500 187 "-" "PostmanRuntime/7.30.0"

info: ::1 - - [01/Feb/2023:08:30:04 +0000] "PUT /api/v1/notes/trash/:63d8c75e249bef0bac26b11f HTTP/1.1" 500 187 "-" "PostmanRuntime/7.30.0"

info: ::1 - - [01/Feb/2023:08:31:13 +0000] "PUT /api/v1/notes/trash/63d8c75e249bef0bac26b11f HTTP/1.1" 500 186 "-" "PostmanRuntime/7.30.0"

info: ::1 - - [01/Feb/2023:08:31:22 +0000] "PUT /api/v1/notes/trash/63d8c75e249bef0bac26b11f HTTP/1.1" 500 186 "-" "PostmanRuntime/7.30.0"

info: ::1 - - [01/Feb/2023:08:31:30 +0000] "GET /api/v1/notes/trash/63d8c75e249bef0bac26b11f HTTP/1.1" 404 47 "-" "PostmanRuntime/7.30.0"

info: ::1 - - [01/Feb/2023:08:31:36 +0000] "GET /api/v1/notes/trash/:63d8c75e249bef0bac26b11f HTTP/1.1" 404 47 "-" "PostmanRuntime/7.30.0"

info: ::1 - - [01/Feb/2023:08:31:42 +0000] "GET /api/v1/notes/trash/ HTTP/1.1" 500 127 "-" "PostmanRuntime/7.30.0"

info: ::1 - - [01/Feb/2023:08:31:45 +0000] "GET /api/v1/notes/ HTTP/1.1" 200 463 "-" "PostmanRuntime/7.30.0"

info: ::1 - - [01/Feb/2023:08:31:48 +0000] "GET /api/v1/notes HTTP/1.1" 200 463 "-" "PostmanRuntime/7.30.0"

info: ::1 - - [01/Feb/2023:08:31:52 +0000] "GET /api/v1/notes/63d8c75e249bef0bac26b11f HTTP/1.1" 200 262 "-" "PostmanRuntime/7.30.0"

info: ::1 - - [01/Feb/2023:08:32:05 +0000] "GET /api/v1/notes/:63d8c75e249bef0bac26b11f HTTP/1.1" 500 147 "-" "PostmanRuntime/7.30.0"

info: ::1 - - [01/Feb/2023:08:32:12 +0000] "GET /api/v1/notes/63d8c75e249bef0bac26b11f HTTP/1.1" 200 262 "-" "PostmanRuntime/7.30.0"

info: ::1 - - [01/Feb/2023:08:32:35 +0000] "GET /api/v1/trash/63d8c75e249bef0bac26b11f HTTP/1.1" 404 47 "-" "PostmanRuntime/7.30.0"

info: ::1 - - [01/Feb/2023:08:32:41 +0000] "GET /api/v1/notes/trash/63d8c75e249bef0bac26b11f HTTP/1.1" 404 47 "-" "PostmanRuntime/7.30.0"

info: ::1 - - [01/Feb/2023:08:32:45 +0000] "GET /api/v1/notes/trash/63d8c75e249bef0bac26b11f HTTP/1.1" 404 47 "-" "PostmanRuntime/7.30.0"

info: ::1 - - [01/Feb/2023:08:32:48 +0000] "PUT /api/v1/notes/trash/63d8c75e249bef0bac26b11f HTTP/1.1" 500 186 "-" "PostmanRuntime/7.30.0"

info: ::1 - - [01/Feb/2023:08:38:00 +0000] "PUT /api/v1/notes/trash/63d8c75e249bef0bac26b11f HTTP/1.1" 500 167 "-" "PostmanRuntime/7.30.0"

info: ::1 - - [01/Feb/2023:08:38:09 +0000] "PUT /api/v1/notes/trash/63d8c75e249bef0bac26b11f HTTP/1.1" 500 167 "-" "PostmanRuntime/7.30.0"

info: ::1 - - [01/Feb/2023:08:38:12 +0000] "PUT /api/v1/notes/trash/63d8c75e249bef0bac26b11f HTTP/1.1" 500 167 "-" "PostmanRuntime/7.30.0"

info: ::1 - - [01/Feb/2023:08:38:22 +0000] "PUT /api/v1/notes/trash/63d8c75e249bef0bac26b11f HTTP/1.1" 500 167 "-" "PostmanRuntime/7.30.0"

info: ::1 - - [01/Feb/2023:08:38:32 +0000] "PUT /api/v1/notes/trash/63d8c75e249bef0bac26b11f HTTP/1.1" 500 167 "-" "PostmanRuntime/7.30.0"

info: ::1 - - [01/Feb/2023:08:38:35 +0000] "POST /api/v1/notes/trash/63d8c75e249bef0bac26b11f HTTP/1.1" 404 47 "-" "PostmanRuntime/7.30.0"

info: ::1 - - [01/Feb/2023:08:40:34 +0000] "PUT /api/v1/notes/trash/63d8c75e249bef0bac26b11f HTTP/1.1" 500 167 "-" "PostmanRuntime/7.30.0"

